{"level":"info","message":"GET /api-docs/","timestamp":"2025-03-19T19:55:20.843Z"}
{"level":"info","message":"GET /api-docs/swagger-ui-standalone-preset.js","timestamp":"2025-03-19T19:55:21.010Z"}
{"level":"info","message":"GET /api-docs/swagger-ui.css","timestamp":"2025-03-19T19:55:21.014Z"}
{"level":"info","message":"GET /api-docs/swagger-ui-bundle.js","timestamp":"2025-03-19T19:55:21.018Z"}
{"level":"info","message":"GET /api-docs/swagger-ui-init.js","timestamp":"2025-03-19T19:55:21.024Z"}
{"level":"info","message":"GET /api-docs/favicon-32x32.png","timestamp":"2025-03-19T19:55:21.650Z"}
{"level":"info","message":"GET /api-docs/","timestamp":"2025-03-19T19:59:49.372Z"}
{"level":"info","message":"GET /api-docs/swagger-ui.css","timestamp":"2025-03-19T19:59:49.448Z"}
{"level":"info","message":"GET /api-docs/swagger-ui-bundle.js","timestamp":"2025-03-19T19:59:49.455Z"}
{"level":"info","message":"GET /api-docs/swagger-ui-init.js","timestamp":"2025-03-19T19:59:49.459Z"}
{"level":"info","message":"GET /api-docs/swagger-ui-standalone-preset.js","timestamp":"2025-03-19T19:59:49.466Z"}
{"level":"info","message":"GET /api-docs/favicon-32x32.png","timestamp":"2025-03-19T19:59:49.995Z"}
{"level":"info","message":"GET /api-docs/favicon-32x32.png","timestamp":"2025-03-19T19:59:50.918Z"}
{"level":"info","message":"GET /api-docs/","timestamp":"2025-03-19T20:06:42.559Z"}
{"level":"info","message":"GET /api-docs/swagger-ui.css","timestamp":"2025-03-19T20:06:42.639Z"}
{"level":"info","message":"GET /api-docs/swagger-ui-bundle.js","timestamp":"2025-03-19T20:06:42.647Z"}
{"level":"info","message":"GET /api-docs/swagger-ui-standalone-preset.js","timestamp":"2025-03-19T20:06:42.650Z"}
{"level":"info","message":"GET /api-docs/swagger-ui-init.js","timestamp":"2025-03-19T20:06:42.655Z"}
{"level":"info","message":"GET /api-docs/favicon-32x32.png","timestamp":"2025-03-19T20:06:43.205Z"}
{"level":"info","message":"GET /api-docs/favicon-32x32.png","timestamp":"2025-03-19T20:06:44.136Z"}
