{"level":"info","message":"Starting production services initialization...","timestamp":"2025-07-07T19:12:09.731Z"}
{"level":"info","message":"Starting scheduled cleanup...","timestamp":"2025-07-07T19:12:09.732Z"}
{"level":"info","message":"Cleanup service started with 60 minute interval","timestamp":"2025-07-07T19:12:09.734Z"}
{"level":"info","message":"Cleanup service initialized","timestamp":"2025-07-07T19:12:09.735Z"}
{"level":"info","message":"All production services initialized successfully","timestamp":"2025-07-07T19:12:09.739Z"}
{"level":"info","message":"Production services initialized successfully","timestamp":"2025-07-07T19:12:09.740Z"}
{"level":"info","message":"Starting production services initialization...","timestamp":"2025-07-07T19:12:22.660Z"}
{"level":"info","message":"Starting scheduled cleanup...","timestamp":"2025-07-07T19:12:22.661Z"}
{"level":"info","message":"Cleanup service started with 60 minute interval","timestamp":"2025-07-07T19:12:22.662Z"}
{"level":"info","message":"Cleanup service initialized","timestamp":"2025-07-07T19:12:22.663Z"}
{"level":"info","message":"All production services initialized successfully","timestamp":"2025-07-07T19:12:22.667Z"}
{"level":"info","message":"Production services initialized successfully","timestamp":"2025-07-07T19:12:22.667Z"}
{"level":"info","message":"Starting production services initialization...","timestamp":"2025-07-07T19:13:58.777Z"}
{"level":"info","message":"Starting scheduled cleanup...","timestamp":"2025-07-07T19:13:58.778Z"}
{"level":"info","message":"Cleanup service started with 60 minute interval","timestamp":"2025-07-07T19:13:58.780Z"}
{"level":"info","message":"Cleanup service initialized","timestamp":"2025-07-07T19:13:58.781Z"}
{"level":"info","message":"All production services initialized successfully","timestamp":"2025-07-07T19:13:58.784Z"}
{"level":"info","message":"Production services initialized successfully","timestamp":"2025-07-07T19:13:58.784Z"}
{"level":"info","message":"Cleaned up 0 expired sessions","timestamp":"2025-07-07T19:14:07.179Z"}
{"level":"info","message":"Cleanup completed: 0 sessions cleaned, 0 active sessions remaining","timestamp":"2025-07-07T19:14:09.487Z"}
{"level":"info","message":"OPTIONS /api/auth/register","timestamp":"2025-07-07T19:35:27.042Z"}
{"level":"info","message":"POST /api/auth/register","timestamp":"2025-07-07T19:35:27.052Z"}
{"level":"info","message":"POST Request to /api/auth/register from ::1","timestamp":"2025-07-07T19:35:27.369Z"}
{"level":"info","message":"attempting sending email to admin@medvaxhealth.com","timestamp":"2025-07-07T19:35:27.724Z"}
{"level":"info","message":"Email sent to admin@medvaxhealth.com: 250 2.0.0 Ok: queued","timestamp":"2025-07-07T19:35:32.709Z"}
{"level":"info","message":"OPTIONS /api/auth/login","timestamp":"2025-07-07T19:35:32.730Z"}
{"level":"info","message":"POST /api/auth/login","timestamp":"2025-07-07T19:35:32.739Z"}
{"level":"info","message":"POST Request to /api/auth/login from ::1","timestamp":"2025-07-07T19:35:32.745Z"}
{"level":"info","message":"OPTIONS /api/auth/login","timestamp":"2025-07-07T19:40:10.648Z"}
{"level":"info","message":"POST /api/auth/login","timestamp":"2025-07-07T19:40:10.655Z"}
{"level":"info","message":"POST Request to /api/auth/login from ::1","timestamp":"2025-07-07T19:40:10.659Z"}
{"level":"info","message":"Starting production services initialization...","timestamp":"2025-07-07T19:41:53.729Z"}
{"level":"info","message":"Starting scheduled cleanup...","timestamp":"2025-07-07T19:41:53.730Z"}
{"level":"info","message":"Cleanup service started with 60 minute interval","timestamp":"2025-07-07T19:41:53.732Z"}
{"level":"info","message":"Cleanup service initialized","timestamp":"2025-07-07T19:41:53.733Z"}
{"level":"info","message":"All production services initialized successfully","timestamp":"2025-07-07T19:41:53.736Z"}
{"level":"info","message":"Production services initialized successfully","timestamp":"2025-07-07T19:41:53.736Z"}
{"level":"info","message":"Starting production services initialization...","timestamp":"2025-07-07T19:41:59.433Z"}
{"level":"info","message":"Starting scheduled cleanup...","timestamp":"2025-07-07T19:41:59.434Z"}
{"level":"info","message":"Cleanup service started with 60 minute interval","timestamp":"2025-07-07T19:41:59.435Z"}
{"level":"info","message":"Cleanup service initialized","timestamp":"2025-07-07T19:41:59.436Z"}
{"level":"info","message":"All production services initialized successfully","timestamp":"2025-07-07T19:41:59.439Z"}
{"level":"info","message":"Production services initialized successfully","timestamp":"2025-07-07T19:41:59.439Z"}
{"level":"info","message":"Cleaned up 0 expired sessions","timestamp":"2025-07-07T19:42:05.441Z"}
{"level":"info","message":"Cleanup completed: 0 sessions cleaned, 0 active sessions remaining","timestamp":"2025-07-07T19:42:07.333Z"}
{"level":"info","message":"OPTIONS /api/auth/login","timestamp":"2025-07-07T19:42:42.651Z"}
{"level":"info","message":"POST /api/auth/login","timestamp":"2025-07-07T19:42:42.658Z"}
{"level":"info","message":"POST Request to /api/auth/login from ::1","timestamp":"2025-07-07T19:42:42.730Z"}
{"level":"info","message":"OPTIONS /api/blog?lang=en","timestamp":"2025-07-07T19:42:43.522Z"}
{"level":"info","message":"GET /api/blog?lang=en","timestamp":"2025-07-07T19:42:43.538Z"}
{"level":"info","message":"OPTIONS /api/blog?lang=en","timestamp":"2025-07-07T19:44:54.622Z"}
{"level":"info","message":"GET /api/blog?lang=en","timestamp":"2025-07-07T19:44:54.643Z"}
{"level":"info","message":"GET /api/blog?lang=en","timestamp":"2025-07-07T19:44:58.249Z"}
{"level":"info","message":"OPTIONS /api/blog?lang=en","timestamp":"2025-07-07T19:45:03.567Z"}
{"level":"info","message":"GET /api/blog?lang=en","timestamp":"2025-07-07T19:45:03.593Z"}
{"level":"info","message":"GET /api/blog?lang=en","timestamp":"2025-07-07T19:45:20.657Z"}
{"level":"info","message":"OPTIONS /api/auth/login","timestamp":"2025-07-07T19:46:32.169Z"}
{"level":"info","message":"POST /api/auth/login","timestamp":"2025-07-07T19:46:32.174Z"}
{"level":"info","message":"POST Request to /api/auth/login from ::1","timestamp":"2025-07-07T19:46:32.179Z"}
{"level":"info","message":"OPTIONS /api/auth/login","timestamp":"2025-07-07T19:47:20.714Z"}
{"level":"info","message":"POST /api/auth/login","timestamp":"2025-07-07T19:47:20.720Z"}
{"level":"info","message":"POST Request to /api/auth/login from ::1","timestamp":"2025-07-07T19:47:20.728Z"}
{"level":"info","message":"OPTIONS /api/team","timestamp":"2025-07-07T19:52:03.233Z"}
{"level":"info","message":"GET /api/team","timestamp":"2025-07-07T19:52:03.246Z"}
{"level":"info","message":"OPTIONS /api/medications","timestamp":"2025-07-07T19:53:34.395Z"}
{"level":"info","message":"GET /api/medications","timestamp":"2025-07-07T19:53:34.415Z"}
{"level":"info","message":"GET Request to /api/medications from ::1","timestamp":"2025-07-07T19:53:34.423Z"}
{"level":"info","message":"OPTIONS /api/blog?lang=en","timestamp":"2025-07-07T19:56:43.661Z"}
{"level":"info","message":"GET /api/blog?lang=en","timestamp":"2025-07-07T19:56:43.667Z"}
{"level":"info","message":"OPTIONS /api/team","timestamp":"2025-07-07T19:57:11.713Z"}
{"level":"info","message":"GET /api/team","timestamp":"2025-07-07T19:57:11.718Z"}
{"level":"info","message":"Starting production services initialization...","timestamp":"2025-07-07T21:18:40.668Z"}
{"level":"info","message":"Starting scheduled cleanup...","timestamp":"2025-07-07T21:18:40.669Z"}
{"level":"info","message":"Cleanup service started with 60 minute interval","timestamp":"2025-07-07T21:18:40.671Z"}
{"level":"info","message":"Cleanup service initialized","timestamp":"2025-07-07T21:18:40.672Z"}
{"level":"info","message":"All production services initialized successfully","timestamp":"2025-07-07T21:18:40.675Z"}
{"level":"info","message":"Production services initialized successfully","timestamp":"2025-07-07T21:18:40.676Z"}
{"level":"info","message":"Starting production services initialization...","timestamp":"2025-07-07T21:18:51.142Z"}
{"level":"info","message":"Starting scheduled cleanup...","timestamp":"2025-07-07T21:18:51.149Z"}
{"level":"info","message":"Cleanup service started with 60 minute interval","timestamp":"2025-07-07T21:18:51.152Z"}
{"level":"info","message":"Cleanup service initialized","timestamp":"2025-07-07T21:18:51.152Z"}
{"level":"info","message":"All production services initialized successfully","timestamp":"2025-07-07T21:18:51.155Z"}
{"level":"info","message":"Production services initialized successfully","timestamp":"2025-07-07T21:18:51.156Z"}
{"level":"info","message":"Starting production services initialization...","timestamp":"2025-07-07T21:20:21.304Z"}
{"level":"info","message":"Starting scheduled cleanup...","timestamp":"2025-07-07T21:20:21.311Z"}
{"level":"info","message":"Cleanup service started with 60 minute interval","timestamp":"2025-07-07T21:20:21.313Z"}
{"level":"info","message":"Cleanup service initialized","timestamp":"2025-07-07T21:20:21.314Z"}
{"level":"info","message":"All production services initialized successfully","timestamp":"2025-07-07T21:20:21.317Z"}
{"level":"info","message":"Production services initialized successfully","timestamp":"2025-07-07T21:20:21.318Z"}
{"level":"info","message":"Starting production services initialization...","timestamp":"2025-07-07T21:21:32.524Z"}
{"level":"info","message":"Starting scheduled cleanup...","timestamp":"2025-07-07T21:21:32.525Z"}
{"level":"info","message":"Cleanup service started with 60 minute interval","timestamp":"2025-07-07T21:21:32.527Z"}
{"level":"info","message":"Cleanup service initialized","timestamp":"2025-07-07T21:21:32.528Z"}
{"level":"info","message":"All production services initialized successfully","timestamp":"2025-07-07T21:21:32.532Z"}
{"level":"info","message":"Production services initialized successfully","timestamp":"2025-07-07T21:21:32.533Z"}
{"level":"info","message":"Cleaned up 0 expired sessions","timestamp":"2025-07-07T21:21:37.520Z"}
{"level":"info","message":"Cleanup completed: 0 sessions cleaned, 0 active sessions remaining","timestamp":"2025-07-07T21:21:39.376Z"}
{"level":"info","message":"OPTIONS /api/auth/login","timestamp":"2025-07-07T21:21:42.094Z"}
{"level":"info","message":"POST /api/auth/login","timestamp":"2025-07-07T21:21:42.148Z"}
{"level":"info","message":"POST Request to /api/auth/login from ::1","timestamp":"2025-07-07T21:21:42.187Z"}
{"level":"info","message":"OPTIONS /api/team","timestamp":"2025-07-07T21:21:47.773Z"}
{"level":"info","message":"GET /api/team","timestamp":"2025-07-07T21:21:47.790Z"}
{"level":"info","message":"OPTIONS /api/blog?lang=en","timestamp":"2025-07-07T21:21:53.415Z"}
{"level":"info","message":"GET /api/blog?lang=en","timestamp":"2025-07-07T21:21:53.472Z"}
{"level":"info","message":"OPTIONS /api/team","timestamp":"2025-07-07T21:21:57.009Z"}
{"level":"info","message":"GET /api/team","timestamp":"2025-07-07T21:21:57.032Z"}
{"level":"info","message":"OPTIONS /api/team","timestamp":"2025-07-07T21:24:43.345Z"}
{"level":"info","message":"GET /api/team","timestamp":"2025-07-07T21:24:43.380Z"}
{"level":"info","message":"OPTIONS /api/team","timestamp":"2025-07-07T21:26:28.726Z"}
{"level":"info","message":"GET /api/team","timestamp":"2025-07-07T21:26:28.735Z"}
{"level":"info","message":"OPTIONS /api/team","timestamp":"2025-07-07T21:30:28.638Z"}
{"level":"info","message":"POST /api/team","timestamp":"2025-07-07T21:30:28.672Z"}
{"level":"info","message":"OPTIONS /api/team-members","timestamp":"2025-07-07T21:32:02.157Z"}
{"level":"info","message":"POST /api/team-members","timestamp":"2025-07-07T21:32:02.174Z"}
{"level":"info","message":"POST Request to /api/team-members from ::1","timestamp":"2025-07-07T21:32:02.189Z"}
{"level":"info","message":"Starting production services initialization...","timestamp":"2025-07-07T21:34:16.292Z"}
{"level":"info","message":"Starting scheduled cleanup...","timestamp":"2025-07-07T21:34:16.293Z"}
{"level":"info","message":"Cleanup service started with 60 minute interval","timestamp":"2025-07-07T21:34:16.295Z"}
{"level":"info","message":"Cleanup service initialized","timestamp":"2025-07-07T21:34:16.296Z"}
{"level":"info","message":"All production services initialized successfully","timestamp":"2025-07-07T21:34:16.300Z"}
{"level":"info","message":"Production services initialized successfully","timestamp":"2025-07-07T21:34:16.300Z"}
{"level":"info","message":"Starting production services initialization...","timestamp":"2025-07-07T21:34:26.915Z"}
{"level":"info","message":"Starting scheduled cleanup...","timestamp":"2025-07-07T21:34:26.916Z"}
{"level":"info","message":"Cleanup service started with 60 minute interval","timestamp":"2025-07-07T21:34:26.918Z"}
{"level":"info","message":"Cleanup service initialized","timestamp":"2025-07-07T21:34:26.918Z"}
{"level":"info","message":"All production services initialized successfully","timestamp":"2025-07-07T21:34:26.921Z"}
{"level":"info","message":"Production services initialized successfully","timestamp":"2025-07-07T21:34:26.922Z"}
{"level":"info","message":"Cleaned up 0 expired sessions","timestamp":"2025-07-07T21:34:29.290Z"}
{"level":"info","message":"Cleanup completed: 0 sessions cleaned, 0 active sessions remaining","timestamp":"2025-07-07T21:34:31.812Z"}
{"level":"info","message":"OPTIONS /api/team-members","timestamp":"2025-07-07T21:34:39.387Z"}
{"level":"info","message":"POST /api/team-members","timestamp":"2025-07-07T21:34:39.405Z"}
{"level":"info","message":"POST Request to /api/team-members from ::1","timestamp":"2025-07-07T21:34:39.425Z"}
{"level":"info","message":"Starting production services initialization...","timestamp":"2025-07-07T21:35:14.548Z"}
{"level":"info","message":"Starting scheduled cleanup...","timestamp":"2025-07-07T21:35:14.549Z"}
{"level":"info","message":"Cleanup service started with 60 minute interval","timestamp":"2025-07-07T21:35:14.551Z"}
{"level":"info","message":"Cleanup service initialized","timestamp":"2025-07-07T21:35:14.552Z"}
{"level":"info","message":"All production services initialized successfully","timestamp":"2025-07-07T21:35:14.555Z"}
{"level":"info","message":"Production services initialized successfully","timestamp":"2025-07-07T21:35:14.555Z"}
{"level":"info","message":"Cleaned up 0 expired sessions","timestamp":"2025-07-07T21:35:16.565Z"}
{"level":"info","message":"Cleanup completed: 0 sessions cleaned, 0 active sessions remaining","timestamp":"2025-07-07T21:35:18.013Z"}
{"level":"info","message":"OPTIONS /api/team-members","timestamp":"2025-07-07T21:35:22.622Z"}
{"level":"info","message":"POST /api/team-members","timestamp":"2025-07-07T21:35:22.633Z"}
{"level":"info","message":"POST Request to /api/team-members from ::1","timestamp":"2025-07-07T21:35:22.654Z"}
{"level":"info","message":"POST Request to /api/team-members from ::1","timestamp":"2025-07-07T21:35:23.046Z"}
{"level":"info","message":"Image uploaded for team member: team-member-1751924123047-l51gxb.png","timestamp":"2025-07-07T21:35:23.066Z"}
{"level":"info","message":"Starting production services initialization...","timestamp":"2025-07-07T21:43:44.332Z"}
{"level":"info","message":"Starting scheduled cleanup...","timestamp":"2025-07-07T21:43:44.333Z"}
{"level":"info","message":"Cleanup service started with 60 minute interval","timestamp":"2025-07-07T21:43:44.335Z"}
{"level":"info","message":"Cleanup service initialized","timestamp":"2025-07-07T21:43:44.335Z"}
{"level":"info","message":"All production services initialized successfully","timestamp":"2025-07-07T21:43:44.338Z"}
{"level":"info","message":"Production services initialized successfully","timestamp":"2025-07-07T21:43:44.339Z"}
{"level":"info","message":"Starting production services initialization...","timestamp":"2025-07-07T21:43:47.777Z"}
{"level":"info","message":"Starting scheduled cleanup...","timestamp":"2025-07-07T21:43:47.779Z"}
{"level":"info","message":"Cleanup service started with 60 minute interval","timestamp":"2025-07-07T21:43:47.782Z"}
{"level":"info","message":"Cleanup service initialized","timestamp":"2025-07-07T21:43:47.783Z"}
{"level":"info","message":"All production services initialized successfully","timestamp":"2025-07-07T21:43:47.786Z"}
{"level":"info","message":"Production services initialized successfully","timestamp":"2025-07-07T21:43:47.786Z"}
{"level":"info","message":"Cleaned up 0 expired sessions","timestamp":"2025-07-07T21:43:49.919Z"}
{"level":"info","message":"Cleanup completed: 0 sessions cleaned, 0 active sessions remaining","timestamp":"2025-07-07T21:43:51.657Z"}
{"level":"info","message":"OPTIONS /api/team-members","timestamp":"2025-07-07T21:44:19.032Z"}
{"level":"info","message":"POST /api/team-members","timestamp":"2025-07-07T21:44:19.055Z"}
{"level":"info","message":"POST Request to /api/team-members from ::1","timestamp":"2025-07-07T21:44:19.130Z"}
{"level":"info","message":"POST Request to /api/team-members from ::1","timestamp":"2025-07-07T21:44:19.499Z"}
{"level":"info","message":"Image uploaded for team member: team-member-1751924659500-qauk9q.png","timestamp":"2025-07-07T21:44:19.505Z"}
{"level":"info","message":"Created new team member: Chioma Favour Uzoma","timestamp":"2025-07-07T21:44:19.701Z"}
{"level":"info","message":"GET /api/blog?lang=en","timestamp":"2025-07-07T21:45:09.304Z"}
{"level":"info","message":"GET /api/team-members","timestamp":"2025-07-07T21:45:12.452Z"}
{"level":"info","message":"GET Request to /api/team-members from ::1","timestamp":"2025-07-07T21:45:12.454Z"}
{"level":"info","message":"Retrieved 1 team members","timestamp":"2025-07-07T21:45:12.671Z"}
{"level":"info","message":"GET /api/team-members","timestamp":"2025-07-07T21:45:27.465Z"}
{"level":"info","message":"GET Request to /api/team-members from ::1","timestamp":"2025-07-07T21:45:27.476Z"}
{"level":"info","message":"Retrieved 1 team members","timestamp":"2025-07-07T21:45:27.717Z"}
{"level":"info","message":"GET /api/blog?lang=en","timestamp":"2025-07-07T21:48:23.724Z"}
{"level":"info","message":"GET /api/team-members","timestamp":"2025-07-07T21:48:36.783Z"}
{"level":"info","message":"GET Request to /api/team-members from ::ffff:127.0.0.1","timestamp":"2025-07-07T21:48:36.784Z"}
{"level":"info","message":"Retrieved 1 team members","timestamp":"2025-07-07T21:48:36.955Z"}
{"level":"info","message":"OPTIONS /api/team-members","timestamp":"2025-07-07T21:51:53.060Z"}
{"level":"info","message":"GET /api/team-members","timestamp":"2025-07-07T21:51:53.067Z"}
{"level":"info","message":"GET Request to /api/team-members from ::1","timestamp":"2025-07-07T21:51:53.068Z"}
{"level":"info","message":"Retrieved 1 team members","timestamp":"2025-07-07T21:51:53.279Z"}
{"level":"info","message":"OPTIONS /api/team-members","timestamp":"2025-07-07T21:53:59.543Z"}
{"level":"info","message":"GET /api/team-members","timestamp":"2025-07-07T21:53:59.591Z"}
{"level":"info","message":"GET Request to /api/team-members from ::1","timestamp":"2025-07-07T21:53:59.602Z"}
{"level":"info","message":"Retrieved 1 team members","timestamp":"2025-07-07T21:53:59.773Z"}
{"level":"info","message":"OPTIONS /api/team-members","timestamp":"2025-07-07T21:54:20.823Z"}
{"level":"info","message":"GET /api/team-members","timestamp":"2025-07-07T21:54:20.834Z"}
{"level":"info","message":"GET Request to /api/team-members from ::1","timestamp":"2025-07-07T21:54:20.836Z"}
{"level":"info","message":"Retrieved 1 team members","timestamp":"2025-07-07T21:54:20.998Z"}
{"level":"info","message":"OPTIONS /api/team-members","timestamp":"2025-07-07T21:56:45.415Z"}
{"level":"info","message":"GET /api/team-members","timestamp":"2025-07-07T21:56:45.420Z"}
{"level":"info","message":"GET Request to /api/team-members from ::1","timestamp":"2025-07-07T21:56:45.421Z"}
{"level":"info","message":"Retrieved 1 team members","timestamp":"2025-07-07T21:56:45.621Z"}
{"level":"info","message":"OPTIONS /api/team-members","timestamp":"2025-07-07T22:02:52.806Z"}
{"level":"info","message":"GET /api/team-members","timestamp":"2025-07-07T22:02:52.818Z"}
{"level":"info","message":"GET Request to /api/team-members from ::1","timestamp":"2025-07-07T22:02:52.820Z"}
{"level":"info","message":"Retrieved 1 team members","timestamp":"2025-07-07T22:02:53.058Z"}
{"level":"info","message":"OPTIONS /api/team-members","timestamp":"2025-07-07T22:07:26.900Z"}
{"level":"info","message":"OPTIONS /api/medications","timestamp":"2025-07-07T22:07:26.918Z"}
{"level":"info","message":"OPTIONS /api/blog?lang=en","timestamp":"2025-07-07T22:07:26.959Z"}
{"level":"info","message":"GET /api/team-members","timestamp":"2025-07-07T22:07:26.995Z"}
{"level":"info","message":"GET Request to /api/team-members from ::1","timestamp":"2025-07-07T22:07:26.997Z"}
{"level":"info","message":"GET /api/medications","timestamp":"2025-07-07T22:07:27.001Z"}
{"level":"info","message":"GET Request to /api/medications from ::1","timestamp":"2025-07-07T22:07:27.001Z"}
{"level":"info","message":"GET /api/blog?lang=en","timestamp":"2025-07-07T22:07:27.008Z"}
{"level":"info","message":"Retrieved 1 team members","timestamp":"2025-07-07T22:07:27.204Z"}
{"level":"info","message":"GET /api/team-members","timestamp":"2025-07-07T22:07:27.271Z"}
{"level":"info","message":"GET Request to /api/team-members from ::1","timestamp":"2025-07-07T22:07:27.275Z"}
{"level":"info","message":"GET /api/medications","timestamp":"2025-07-07T22:07:27.286Z"}
{"level":"info","message":"GET Request to /api/medications from ::1","timestamp":"2025-07-07T22:07:27.291Z"}
{"level":"info","message":"GET /api/blog?lang=en","timestamp":"2025-07-07T22:07:27.300Z"}
{"level":"info","message":"Retrieved 1 team members","timestamp":"2025-07-07T22:07:28.215Z"}
{"level":"info","message":"OPTIONS /api/team-members","timestamp":"2025-07-07T22:08:38.291Z"}
{"level":"info","message":"OPTIONS /api/medications","timestamp":"2025-07-07T22:08:38.328Z"}
{"level":"info","message":"OPTIONS /api/blog","timestamp":"2025-07-07T22:08:38.338Z"}
{"level":"info","message":"OPTIONS /api/bookings","timestamp":"2025-07-07T22:08:38.352Z"}
{"level":"info","message":"GET /api/blog","timestamp":"2025-07-07T22:08:38.368Z"}
{"level":"info","message":"GET /api/medications","timestamp":"2025-07-07T22:08:38.386Z"}
{"level":"info","message":"GET Request to /api/medications from ::1","timestamp":"2025-07-07T22:08:38.387Z"}
{"level":"info","message":"GET /api/team-members","timestamp":"2025-07-07T22:08:38.390Z"}
{"level":"info","message":"GET Request to /api/team-members from ::1","timestamp":"2025-07-07T22:08:38.393Z"}
{"level":"info","message":"GET /api/bookings","timestamp":"2025-07-07T22:08:38.400Z"}
{"level":"info","message":"Retrieved 1 team members","timestamp":"2025-07-07T22:08:38.578Z"}
{"level":"info","message":"OPTIONS /api/blog","timestamp":"2025-07-07T22:12:41.968Z"}
{"level":"info","message":"GET /api/blog","timestamp":"2025-07-07T22:12:42.214Z"}
{"level":"info","message":"OPTIONS /api/blog","timestamp":"2025-07-07T22:16:09.834Z"}
{"level":"info","message":"GET /api/blog","timestamp":"2025-07-07T22:16:09.867Z"}
{"level":"info","message":"OPTIONS /api/blog","timestamp":"2025-07-07T22:16:41.715Z"}
{"level":"info","message":"GET /api/blog","timestamp":"2025-07-07T22:16:41.730Z"}
{"level":"info","message":"OPTIONS /api/team-members","timestamp":"2025-07-07T22:23:05.316Z"}
{"level":"info","message":"OPTIONS /api/medications","timestamp":"2025-07-07T22:23:05.322Z"}
{"level":"info","message":"OPTIONS /api/blog","timestamp":"2025-07-07T22:23:05.324Z"}
{"level":"info","message":"OPTIONS /api/bookings","timestamp":"2025-07-07T22:23:05.327Z"}
{"level":"info","message":"GET /api/bookings","timestamp":"2025-07-07T22:23:05.332Z"}
{"level":"info","message":"GET /api/blog","timestamp":"2025-07-07T22:23:05.334Z"}
{"level":"info","message":"GET /api/medications","timestamp":"2025-07-07T22:23:05.572Z"}
{"level":"info","message":"GET Request to /api/medications from ::1","timestamp":"2025-07-07T22:23:05.575Z"}
{"level":"info","message":"GET /api/team-members","timestamp":"2025-07-07T22:23:05.747Z"}
{"level":"info","message":"GET Request to /api/team-members from ::1","timestamp":"2025-07-07T22:23:05.748Z"}
{"level":"info","message":"Retrieved 1 team members","timestamp":"2025-07-07T22:23:05.906Z"}
{"level":"info","message":"OPTIONS /api/team-members","timestamp":"2025-07-07T22:26:20.886Z"}
{"level":"info","message":"OPTIONS /api/medications","timestamp":"2025-07-07T22:26:20.893Z"}
{"level":"info","message":"OPTIONS /api/blog","timestamp":"2025-07-07T22:26:20.894Z"}
{"level":"info","message":"OPTIONS /api/bookings","timestamp":"2025-07-07T22:26:20.894Z"}
{"level":"info","message":"GET /api/team-members","timestamp":"2025-07-07T22:26:20.905Z"}
{"level":"info","message":"GET Request to /api/team-members from ::1","timestamp":"2025-07-07T22:26:20.909Z"}
{"level":"info","message":"GET /api/bookings","timestamp":"2025-07-07T22:26:20.914Z"}
{"level":"info","message":"GET /api/medications","timestamp":"2025-07-07T22:26:20.916Z"}
{"level":"info","message":"GET Request to /api/medications from ::1","timestamp":"2025-07-07T22:26:20.917Z"}
{"level":"info","message":"GET /api/blog","timestamp":"2025-07-07T22:26:20.918Z"}
{"level":"info","message":"Retrieved 1 team members","timestamp":"2025-07-07T22:26:21.083Z"}
{"level":"info","message":"OPTIONS /api/auth/logout","timestamp":"2025-07-07T22:26:31.955Z"}
{"level":"info","message":"GET /api/auth/logout","timestamp":"2025-07-07T22:26:31.960Z"}
{"level":"info","message":"GET Request to /api/auth/logout from ::1","timestamp":"2025-07-07T22:26:31.961Z"}
{"level":"info","message":"GET /api/team-members","timestamp":"2025-07-07T22:28:18.487Z"}
{"level":"info","message":"GET Request to /api/team-members from ::ffff:127.0.0.1","timestamp":"2025-07-07T22:28:18.488Z"}
{"level":"info","message":"Retrieved 1 team members","timestamp":"2025-07-07T22:28:18.657Z"}
{"level":"info","message":"GET /api/team-members","timestamp":"2025-07-07T22:28:47.839Z"}
{"level":"info","message":"GET Request to /api/team-members from ::ffff:127.0.0.1","timestamp":"2025-07-07T22:28:47.840Z"}
{"level":"info","message":"Retrieved 1 team members","timestamp":"2025-07-07T22:28:48.026Z"}
{"level":"info","message":"GET /api/blog","timestamp":"2025-07-07T22:29:26.142Z"}
{"level":"info","message":"GET /api/blog","timestamp":"2025-07-07T22:29:33.061Z"}
{"level":"info","message":"GET /api/bookings/slots","timestamp":"2025-07-07T22:29:42.597Z"}
{"level":"info","message":"GET Request to /api/bookings/slots from ::ffff:127.0.0.1","timestamp":"2025-07-07T22:29:42.601Z"}
{"level":"info","message":"GET /api/bookings/slots","timestamp":"2025-07-07T22:29:58.382Z"}
{"level":"info","message":"GET Request to /api/bookings/slots from ::ffff:127.0.0.1","timestamp":"2025-07-07T22:29:58.386Z"}
{"level":"info","message":"OPTIONS /api/chatbot/start-conversation","timestamp":"2025-07-07T22:30:40.328Z"}
{"level":"info","message":"POST /api/chatbot/start-conversation","timestamp":"2025-07-07T22:30:40.448Z"}
{"level":"info","message":"POST Request to /api/chatbot/start-conversation from ::ffff:127.0.0.1","timestamp":"2025-07-07T22:30:41.938Z"}
{"level":"info","message":"Conversation started for user uuid_1751924903117_2wh8zwclv: sessionId=null","timestamp":"2025-07-07T22:30:42.116Z"}
{"level":"info","message":"OPTIONS /api/chatbot/start-conversation","timestamp":"2025-07-07T22:30:45.536Z"}
{"level":"info","message":"POST /api/chatbot/start-conversation","timestamp":"2025-07-07T22:30:45.544Z"}
{"level":"info","message":"POST Request to /api/chatbot/start-conversation from ::ffff:127.0.0.1","timestamp":"2025-07-07T22:30:45.550Z"}
{"level":"info","message":"Conversation started for user uuid_1751924903117_2wh8zwclv: sessionId=null","timestamp":"2025-07-07T22:30:45.708Z"}
{"level":"info","message":"GET /api/team-members","timestamp":"2025-07-07T22:31:23.921Z"}
{"level":"info","message":"GET Request to /api/team-members from ::ffff:127.0.0.1","timestamp":"2025-07-07T22:31:23.924Z"}
{"level":"info","message":"Retrieved 1 team members","timestamp":"2025-07-07T22:31:24.108Z"}
{"level":"info","message":"OPTIONS /api/chatbot/start-conversation","timestamp":"2025-07-07T22:31:29.656Z"}
{"level":"info","message":"POST /api/chatbot/start-conversation","timestamp":"2025-07-07T22:31:29.662Z"}
{"level":"info","message":"POST Request to /api/chatbot/start-conversation from ::ffff:127.0.0.1","timestamp":"2025-07-07T22:31:29.666Z"}
{"level":"info","message":"Conversation started for user uuid_1751924903117_2wh8zwclv: sessionId=null","timestamp":"2025-07-07T22:31:29.873Z"}
{"level":"info","message":"OPTIONS /api/chatbot/start-conversation","timestamp":"2025-07-07T22:31:35.250Z"}
{"level":"info","message":"POST /api/chatbot/start-conversation","timestamp":"2025-07-07T22:31:35.257Z"}
{"level":"info","message":"POST Request to /api/chatbot/start-conversation from ::ffff:127.0.0.1","timestamp":"2025-07-07T22:31:35.264Z"}
{"level":"info","message":"Conversation started for user uuid_1751924903117_2wh8zwclv: sessionId=null","timestamp":"2025-07-07T22:31:35.461Z"}
{"level":"info","message":"OPTIONS /api/auth/login","timestamp":"2025-07-07T22:33:41.782Z"}
{"level":"info","message":"POST /api/auth/login","timestamp":"2025-07-07T22:33:41.859Z"}
{"level":"info","message":"POST Request to /api/auth/login from ::1","timestamp":"2025-07-07T22:33:42.588Z"}
{"level":"info","message":"OPTIONS /api/team-members","timestamp":"2025-07-07T22:33:51.360Z"}
{"level":"info","message":"GET /api/team-members","timestamp":"2025-07-07T22:33:51.711Z"}
{"level":"info","message":"GET Request to /api/team-members from ::1","timestamp":"2025-07-07T22:33:51.714Z"}
{"level":"info","message":"Retrieved 1 team members","timestamp":"2025-07-07T22:33:51.876Z"}
{"level":"info","message":"OPTIONS /api/medications","timestamp":"2025-07-07T22:33:52.110Z"}
{"level":"info","message":"OPTIONS /api/blog","timestamp":"2025-07-07T22:33:52.248Z"}
{"level":"info","message":"OPTIONS /api/bookings","timestamp":"2025-07-07T22:33:52.250Z"}
{"level":"info","message":"GET /api/bookings","timestamp":"2025-07-07T22:33:52.259Z"}
{"level":"info","message":"GET /api/medications","timestamp":"2025-07-07T22:33:52.407Z"}
{"level":"info","message":"GET Request to /api/medications from ::1","timestamp":"2025-07-07T22:33:52.409Z"}
{"level":"info","message":"GET /api/blog","timestamp":"2025-07-07T22:33:52.544Z"}
{"level":"info","message":"Shutting down production services...","timestamp":"2025-07-07T22:37:27.161Z"}
{"level":"info","message":"Cleanup service stopped","timestamp":"2025-07-07T22:37:27.161Z"}
{"level":"info","message":"Cleanup service stopped","timestamp":"2025-07-07T22:37:27.162Z"}
{"level":"info","message":"All production services shut down successfully","timestamp":"2025-07-07T22:37:27.162Z"}
{"level":"info","message":"Shutting down production services...","timestamp":"2025-07-07T22:37:28.473Z"}
{"level":"info","message":"Cleanup service stopped","timestamp":"2025-07-07T22:37:28.474Z"}
{"level":"info","message":"Cleanup service stopped","timestamp":"2025-07-07T22:37:28.474Z"}
{"level":"info","message":"All production services shut down successfully","timestamp":"2025-07-07T22:37:28.475Z"}
{"level":"info","message":"Shutting down production services...","timestamp":"2025-07-07T22:37:28.501Z"}
{"level":"info","message":"Cleanup service stopped","timestamp":"2025-07-07T22:37:28.502Z"}
{"level":"info","message":"Cleanup service stopped","timestamp":"2025-07-07T22:37:28.502Z"}
{"level":"info","message":"All production services shut down successfully","timestamp":"2025-07-07T22:37:28.502Z"}
{"level":"info","message":"Shutting down production services...","timestamp":"2025-07-07T22:41:05.589Z"}
