{"level":"info","message":"Starting production services initialization...","timestamp":"2025-08-28T12:56:43.881Z"}
{"level":"info","message":"Starting scheduled cleanup...","timestamp":"2025-08-28T12:56:43.883Z"}
{"level":"info","message":"Cleanup service started with 60 minute interval","timestamp":"2025-08-28T12:56:43.885Z"}
{"level":"info","message":"Cleanup service initialized","timestamp":"2025-08-28T12:56:43.887Z"}
{"level":"info","message":"All production services initialized successfully","timestamp":"2025-08-28T12:56:43.891Z"}
{"level":"info","message":"Production services initialized successfully","timestamp":"2025-08-28T12:56:43.892Z"}
{"level":"info","message":"Starting production services initialization...","timestamp":"2025-08-28T12:58:32.026Z"}
{"level":"info","message":"Starting scheduled cleanup...","timestamp":"2025-08-28T12:58:32.027Z"}
{"level":"info","message":"Cleanup service started with 60 minute interval","timestamp":"2025-08-28T12:58:32.029Z"}
{"level":"info","message":"Cleanup service initialized","timestamp":"2025-08-28T12:58:32.030Z"}
{"level":"info","message":"All production services initialized successfully","timestamp":"2025-08-28T12:58:32.033Z"}
{"level":"info","message":"Production services initialized successfully","timestamp":"2025-08-28T12:58:32.034Z"}
{"level":"info","message":"Cleaned up 0 expired sessions","timestamp":"2025-08-28T12:58:39.574Z"}
{"level":"info","message":"Cleanup completed: 0 sessions cleaned, 0 active sessions remaining","timestamp":"2025-08-28T12:58:42.997Z"}
{"level":"info","message":"OPTIONS /api/screening","timestamp":"2025-08-28T13:04:43.038Z"}
{"level":"info","message":"POST /api/screening","timestamp":"2025-08-28T13:04:43.057Z"}
{"level":"info","message":"OPTIONS /api/screening","timestamp":"2025-08-28T13:08:33.965Z"}
{"level":"info","message":"POST /api/screening","timestamp":"2025-08-28T13:08:33.971Z"}
{"level":"info","message":"Starting production services initialization...","timestamp":"2025-08-28T13:16:13.754Z"}
{"level":"info","message":"Starting scheduled cleanup...","timestamp":"2025-08-28T13:16:13.756Z"}
{"level":"info","message":"Cleanup service started with 60 minute interval","timestamp":"2025-08-28T13:16:13.760Z"}
{"level":"info","message":"Cleanup service initialized","timestamp":"2025-08-28T13:16:13.761Z"}
{"level":"info","message":"All production services initialized successfully","timestamp":"2025-08-28T13:16:13.772Z"}
{"level":"info","message":"Production services initialized successfully","timestamp":"2025-08-28T13:16:13.773Z"}
{"level":"info","message":"Cleaned up 0 expired sessions","timestamp":"2025-08-28T13:16:16.731Z"}
{"level":"info","message":"Cleanup completed: 0 sessions cleaned, 0 active sessions remaining","timestamp":"2025-08-28T13:16:20.406Z"}
{"level":"info","message":"OPTIONS /api/screening","timestamp":"2025-08-28T13:31:39.107Z"}
{"level":"info","message":"POST /api/screening","timestamp":"2025-08-28T13:31:39.123Z"}
{"level":"info","message":"OPTIONS /api/screening","timestamp":"2025-08-28T13:32:39.677Z"}
{"level":"info","message":"POST /api/screening","timestamp":"2025-08-28T13:32:39.688Z"}
{"level":"info","message":"Starting production services initialization...","timestamp":"2025-08-28T13:33:46.791Z"}
{"level":"info","message":"Starting scheduled cleanup...","timestamp":"2025-08-28T13:33:46.792Z"}
{"level":"info","message":"Cleanup service started with 60 minute interval","timestamp":"2025-08-28T13:33:46.794Z"}
{"level":"info","message":"Cleanup service initialized","timestamp":"2025-08-28T13:33:46.795Z"}
{"level":"info","message":"All production services initialized successfully","timestamp":"2025-08-28T13:33:46.801Z"}
{"level":"info","message":"Production services initialized successfully","timestamp":"2025-08-28T13:33:46.802Z"}
{"level":"info","message":"Cleaned up 0 expired sessions","timestamp":"2025-08-28T13:33:50.502Z"}
{"level":"info","message":"Cleanup completed: 0 sessions cleaned, 0 active sessions remaining","timestamp":"2025-08-28T13:33:53.549Z"}
{"level":"info","message":"OPTIONS /api/screening","timestamp":"2025-08-28T13:34:01.343Z"}
{"level":"info","message":"POST /api/screening","timestamp":"2025-08-28T13:34:01.350Z"}
{"level":"info","message":"Starting production services initialization...","timestamp":"2025-08-28T13:35:29.166Z"}
{"level":"info","message":"Starting scheduled cleanup...","timestamp":"2025-08-28T13:35:29.167Z"}
{"level":"info","message":"Cleanup service started with 60 minute interval","timestamp":"2025-08-28T13:35:29.169Z"}
{"level":"info","message":"Cleanup service initialized","timestamp":"2025-08-28T13:35:29.169Z"}
{"level":"info","message":"All production services initialized successfully","timestamp":"2025-08-28T13:35:29.172Z"}
{"level":"info","message":"Production services initialized successfully","timestamp":"2025-08-28T13:35:29.173Z"}
{"level":"info","message":"Cleaned up 0 expired sessions","timestamp":"2025-08-28T13:35:32.405Z"}
{"level":"info","message":"Starting production services initialization...","timestamp":"2025-08-28T13:35:38.098Z"}
{"level":"info","message":"Starting scheduled cleanup...","timestamp":"2025-08-28T13:35:38.099Z"}
{"level":"info","message":"Cleanup service started with 60 minute interval","timestamp":"2025-08-28T13:35:38.102Z"}
{"level":"info","message":"Cleanup service initialized","timestamp":"2025-08-28T13:35:38.103Z"}
{"level":"info","message":"All production services initialized successfully","timestamp":"2025-08-28T13:35:38.107Z"}
{"level":"info","message":"Production services initialized successfully","timestamp":"2025-08-28T13:35:38.107Z"}
{"level":"info","message":"Cleaned up 0 expired sessions","timestamp":"2025-08-28T13:35:40.581Z"}
{"level":"info","message":"Cleanup completed: 0 sessions cleaned, 0 active sessions remaining","timestamp":"2025-08-28T13:35:43.368Z"}
{"level":"info","message":"OPTIONS /api/screening","timestamp":"2025-08-28T13:38:54.331Z"}
{"level":"info","message":"POST /api/screening","timestamp":"2025-08-28T13:38:54.340Z"}
{"level":"info","message":"OPTIONS /api/auth/login","timestamp":"2025-08-28T13:58:20.125Z"}
{"level":"info","message":"POST /api/auth/login","timestamp":"2025-08-28T13:58:20.137Z"}
{"level":"info","message":"OPTIONS /api/team-members","timestamp":"2025-08-28T13:58:20.775Z"}
{"level":"info","message":"GET /api/team-members","timestamp":"2025-08-28T13:58:20.782Z"}
{"level":"info","message":"OPTIONS /api/medications","timestamp":"2025-08-28T13:58:20.810Z"}
{"level":"info","message":"OPTIONS /api/blog","timestamp":"2025-08-28T13:58:20.814Z"}
{"level":"info","message":"OPTIONS /api/bookings","timestamp":"2025-08-28T13:58:20.832Z"}
{"level":"info","message":"GET /api/blog","timestamp":"2025-08-28T13:58:20.858Z"}
{"level":"info","message":"GET /api/medications","timestamp":"2025-08-28T13:58:20.874Z"}
{"level":"info","message":"GET /api/bookings","timestamp":"2025-08-28T13:58:20.878Z"}
{"level":"info","message":"Retrieved 2 team members","timestamp":"2025-08-28T13:58:21.585Z"}
{"level":"info","message":"OPTIONS /api/team-members","timestamp":"2025-08-28T14:19:22.943Z"}
{"level":"info","message":"OPTIONS /api/medications","timestamp":"2025-08-28T14:19:22.967Z"}
{"level":"info","message":"OPTIONS /api/blog","timestamp":"2025-08-28T14:19:22.994Z"}
{"level":"info","message":"GET /api/medications","timestamp":"2025-08-28T14:19:23.002Z"}
{"level":"info","message":"GET /api/team-members","timestamp":"2025-08-28T14:19:23.014Z"}
{"level":"info","message":"OPTIONS /api/bookings","timestamp":"2025-08-28T14:19:23.027Z"}
{"level":"info","message":"GET /api/bookings","timestamp":"2025-08-28T14:19:23.044Z"}
{"level":"info","message":"GET /api/blog","timestamp":"2025-08-28T14:19:23.057Z"}
{"level":"info","message":"Retrieved 2 team members","timestamp":"2025-08-28T14:19:23.367Z"}
{"level":"info","message":"OPTIONS /api/auth/logout","timestamp":"2025-08-28T14:29:29.217Z"}
{"level":"info","message":"GET /api/auth/logout","timestamp":"2025-08-28T14:29:29.316Z"}
{"level":"info","message":"OPTIONS /api/auth/login","timestamp":"2025-08-28T14:33:49.221Z"}
{"level":"info","message":"POST /api/auth/login","timestamp":"2025-08-28T14:33:49.225Z"}
{"level":"info","message":"OPTIONS /api/team-members","timestamp":"2025-08-28T14:33:49.761Z"}
{"level":"info","message":"GET /api/team-members","timestamp":"2025-08-28T14:33:49.768Z"}
{"level":"info","message":"OPTIONS /api/medications","timestamp":"2025-08-28T14:33:49.801Z"}
{"level":"info","message":"GET /api/medications","timestamp":"2025-08-28T14:33:49.814Z"}
{"level":"info","message":"OPTIONS /api/blog","timestamp":"2025-08-28T14:33:49.834Z"}
{"level":"info","message":"OPTIONS /api/bookings","timestamp":"2025-08-28T14:33:49.842Z"}
{"level":"info","message":"GET /api/bookings","timestamp":"2025-08-28T14:33:49.882Z"}
{"level":"info","message":"GET /api/blog","timestamp":"2025-08-28T14:33:49.891Z"}
{"level":"info","message":"Retrieved 2 team members","timestamp":"2025-08-28T14:33:49.939Z"}
{"level":"info","message":"Starting scheduled cleanup...","timestamp":"2025-08-28T14:35:38.102Z"}
{"level":"info","message":"Cleaned up 0 expired sessions","timestamp":"2025-08-28T14:35:38.281Z"}
{"level":"info","message":"Cleanup completed: 0 sessions cleaned, 0 active sessions remaining","timestamp":"2025-08-28T14:35:39.078Z"}
{"level":"info","message":"OPTIONS /api/team-members","timestamp":"2025-08-28T14:37:28.306Z"}
{"level":"info","message":"OPTIONS /api/medications","timestamp":"2025-08-28T14:37:28.328Z"}
{"level":"info","message":"OPTIONS /api/blog","timestamp":"2025-08-28T14:37:28.336Z"}
{"level":"info","message":"GET /api/team-members","timestamp":"2025-08-28T14:37:28.337Z"}
{"level":"info","message":"OPTIONS /api/bookings","timestamp":"2025-08-28T14:37:28.344Z"}
{"level":"info","message":"GET /api/medications","timestamp":"2025-08-28T14:37:28.346Z"}
{"level":"info","message":"OPTIONS /api/screening","timestamp":"2025-08-28T14:37:28.353Z"}
{"level":"info","message":"GET /api/blog","timestamp":"2025-08-28T14:37:28.357Z"}
{"level":"info","message":"GET /api/bookings","timestamp":"2025-08-28T14:37:28.367Z"}
{"level":"info","message":"GET /api/screening","timestamp":"2025-08-28T14:37:28.369Z"}
{"level":"info","message":"Retrieved 2 team members","timestamp":"2025-08-28T14:37:28.509Z"}
{"level":"info","message":"OPTIONS /api/team-members","timestamp":"2025-08-28T14:38:03.612Z"}
{"level":"info","message":"OPTIONS /api/medications","timestamp":"2025-08-28T14:38:03.636Z"}
{"level":"info","message":"GET /api/team-members","timestamp":"2025-08-28T14:38:03.641Z"}
{"level":"info","message":"OPTIONS /api/blog","timestamp":"2025-08-28T14:38:03.648Z"}
{"level":"info","message":"OPTIONS /api/bookings","timestamp":"2025-08-28T14:38:03.651Z"}
{"level":"info","message":"OPTIONS /api/screening","timestamp":"2025-08-28T14:38:03.656Z"}
{"level":"info","message":"GET /api/medications","timestamp":"2025-08-28T14:38:03.664Z"}
{"level":"info","message":"GET /api/bookings","timestamp":"2025-08-28T14:38:03.673Z"}
{"level":"info","message":"GET /api/blog","timestamp":"2025-08-28T14:38:03.674Z"}
{"level":"info","message":"GET /api/screening","timestamp":"2025-08-28T14:38:03.677Z"}
{"level":"info","message":"Retrieved 2 team members","timestamp":"2025-08-28T14:38:03.802Z"}
{"level":"info","message":"OPTIONS /api/team-members","timestamp":"2025-08-28T14:38:19.616Z"}
{"level":"info","message":"OPTIONS /api/medications","timestamp":"2025-08-28T14:38:19.630Z"}
{"level":"info","message":"OPTIONS /api/blog","timestamp":"2025-08-28T14:38:19.647Z"}
{"level":"info","message":"OPTIONS /api/bookings","timestamp":"2025-08-28T14:38:19.659Z"}
{"level":"info","message":"OPTIONS /api/screening","timestamp":"2025-08-28T14:38:19.665Z"}
{"level":"info","message":"GET /api/team-members","timestamp":"2025-08-28T14:38:19.684Z"}
{"level":"info","message":"GET /api/bookings","timestamp":"2025-08-28T14:38:19.700Z"}
{"level":"info","message":"GET /api/medications","timestamp":"2025-08-28T14:38:19.737Z"}
{"level":"info","message":"GET /api/blog","timestamp":"2025-08-28T14:38:19.756Z"}
{"level":"info","message":"GET /api/screening","timestamp":"2025-08-28T14:38:19.772Z"}
{"level":"info","message":"Retrieved 2 team members","timestamp":"2025-08-28T14:38:19.873Z"}
{"level":"info","message":"OPTIONS /api/team-members","timestamp":"2025-08-28T14:38:32.346Z"}
{"level":"info","message":"OPTIONS /api/medications","timestamp":"2025-08-28T14:38:32.371Z"}
{"level":"info","message":"OPTIONS /api/blog","timestamp":"2025-08-28T14:38:32.384Z"}
{"level":"info","message":"OPTIONS /api/screening","timestamp":"2025-08-28T14:38:32.390Z"}
{"level":"info","message":"GET /api/team-members","timestamp":"2025-08-28T14:38:32.408Z"}
{"level":"info","message":"OPTIONS /api/bookings","timestamp":"2025-08-28T14:38:32.426Z"}
{"level":"info","message":"GET /api/blog","timestamp":"2025-08-28T14:38:32.433Z"}
{"level":"info","message":"GET /api/screening","timestamp":"2025-08-28T14:38:32.457Z"}
{"level":"info","message":"GET /api/medications","timestamp":"2025-08-28T14:38:32.463Z"}
{"level":"info","message":"GET /api/bookings","timestamp":"2025-08-28T14:38:32.474Z"}
{"level":"info","message":"Retrieved 2 team members","timestamp":"2025-08-28T14:38:32.595Z"}
{"level":"info","message":"OPTIONS /api/team-members","timestamp":"2025-08-28T14:38:41.952Z"}
{"level":"info","message":"GET /api/team-members","timestamp":"2025-08-28T14:38:41.968Z"}
{"level":"info","message":"OPTIONS /api/medications","timestamp":"2025-08-28T14:38:42.003Z"}
{"level":"info","message":"OPTIONS /api/blog","timestamp":"2025-08-28T14:38:42.016Z"}
{"level":"info","message":"OPTIONS /api/bookings","timestamp":"2025-08-28T14:38:42.038Z"}
{"level":"info","message":"OPTIONS /api/screening","timestamp":"2025-08-28T14:38:42.040Z"}
{"level":"info","message":"GET /api/medications","timestamp":"2025-08-28T14:38:42.056Z"}
{"level":"info","message":"GET /api/blog","timestamp":"2025-08-28T14:38:42.066Z"}
{"level":"info","message":"GET /api/bookings","timestamp":"2025-08-28T14:38:42.070Z"}
{"level":"info","message":"GET /api/screening","timestamp":"2025-08-28T14:38:42.089Z"}
{"level":"info","message":"Retrieved 2 team members","timestamp":"2025-08-28T14:38:42.171Z"}
{"level":"info","message":"OPTIONS /api/team-members","timestamp":"2025-08-28T14:39:18.504Z"}
{"level":"info","message":"OPTIONS /api/medications","timestamp":"2025-08-28T14:39:18.517Z"}
{"level":"info","message":"GET /api/team-members","timestamp":"2025-08-28T14:39:18.536Z"}
{"level":"info","message":"OPTIONS /api/blog","timestamp":"2025-08-28T14:39:18.560Z"}
{"level":"info","message":"OPTIONS /api/bookings","timestamp":"2025-08-28T14:39:18.565Z"}
{"level":"info","message":"OPTIONS /api/screening","timestamp":"2025-08-28T14:39:18.566Z"}
{"level":"info","message":"GET /api/medications","timestamp":"2025-08-28T14:39:18.571Z"}
{"level":"info","message":"GET /api/bookings","timestamp":"2025-08-28T14:39:18.579Z"}
{"level":"info","message":"GET /api/blog","timestamp":"2025-08-28T14:39:18.580Z"}
{"level":"info","message":"GET /api/screening","timestamp":"2025-08-28T14:39:18.589Z"}
{"level":"info","message":"Retrieved 2 team members","timestamp":"2025-08-28T14:39:18.720Z"}
{"level":"info","message":"OPTIONS /api/team-members","timestamp":"2025-08-28T14:39:26.236Z"}
{"level":"info","message":"OPTIONS /api/medications","timestamp":"2025-08-28T14:39:26.252Z"}
{"level":"info","message":"GET /api/team-members","timestamp":"2025-08-28T14:39:26.259Z"}
{"level":"info","message":"OPTIONS /api/blog","timestamp":"2025-08-28T14:39:26.263Z"}
{"level":"info","message":"OPTIONS /api/bookings","timestamp":"2025-08-28T14:39:26.267Z"}
{"level":"info","message":"GET /api/medications","timestamp":"2025-08-28T14:39:26.269Z"}
{"level":"info","message":"OPTIONS /api/screening","timestamp":"2025-08-28T14:39:26.271Z"}
{"level":"info","message":"GET /api/bookings","timestamp":"2025-08-28T14:39:26.276Z"}
{"level":"info","message":"GET /api/blog","timestamp":"2025-08-28T14:39:26.278Z"}
{"level":"info","message":"GET /api/screening","timestamp":"2025-08-28T14:39:26.282Z"}
{"level":"info","message":"Retrieved 2 team members","timestamp":"2025-08-28T14:39:26.458Z"}
{"level":"info","message":"OPTIONS /api/team-members","timestamp":"2025-08-28T14:42:41.316Z"}
{"level":"info","message":"OPTIONS /api/medications","timestamp":"2025-08-28T14:42:41.333Z"}
{"level":"info","message":"OPTIONS /api/bookings","timestamp":"2025-08-28T14:42:41.378Z"}
{"level":"info","message":"OPTIONS /api/blog","timestamp":"2025-08-28T14:42:41.387Z"}
{"level":"info","message":"OPTIONS /api/screening","timestamp":"2025-08-28T14:42:41.395Z"}
{"level":"info","message":"GET /api/team-members","timestamp":"2025-08-28T14:42:41.404Z"}
{"level":"info","message":"GET /api/bookings","timestamp":"2025-08-28T14:42:41.416Z"}
{"level":"info","message":"GET /api/medications","timestamp":"2025-08-28T14:42:41.432Z"}
{"level":"info","message":"GET /api/blog","timestamp":"2025-08-28T14:42:41.446Z"}
{"level":"info","message":"GET /api/screening","timestamp":"2025-08-28T14:42:41.451Z"}
{"level":"info","message":"Retrieved 2 team members","timestamp":"2025-08-28T14:42:41.578Z"}
{"level":"info","message":"OPTIONS /api/team-members","timestamp":"2025-08-28T14:42:50.342Z"}
{"level":"info","message":"OPTIONS /api/medications","timestamp":"2025-08-28T14:42:50.352Z"}
{"level":"info","message":"OPTIONS /api/screening","timestamp":"2025-08-28T14:42:50.355Z"}
{"level":"info","message":"OPTIONS /api/blog","timestamp":"2025-08-28T14:42:50.359Z"}
{"level":"info","message":"OPTIONS /api/bookings","timestamp":"2025-08-28T14:42:50.363Z"}
{"level":"info","message":"GET /api/team-members","timestamp":"2025-08-28T14:42:50.369Z"}
{"level":"info","message":"GET /api/bookings","timestamp":"2025-08-28T14:42:50.377Z"}
{"level":"info","message":"GET /api/medications","timestamp":"2025-08-28T14:42:50.383Z"}
{"level":"info","message":"GET /api/screening","timestamp":"2025-08-28T14:42:50.386Z"}
{"level":"info","message":"GET /api/blog","timestamp":"2025-08-28T14:42:50.416Z"}
{"level":"info","message":"Retrieved 2 team members","timestamp":"2025-08-28T14:42:50.534Z"}
{"level":"info","message":"OPTIONS /api/team-members","timestamp":"2025-08-28T14:42:59.718Z"}
{"level":"info","message":"OPTIONS /api/medications","timestamp":"2025-08-28T14:42:59.724Z"}
{"level":"info","message":"OPTIONS /api/blog","timestamp":"2025-08-28T14:42:59.726Z"}
{"level":"info","message":"OPTIONS /api/bookings","timestamp":"2025-08-28T14:42:59.730Z"}
{"level":"info","message":"GET /api/team-members","timestamp":"2025-08-28T14:42:59.736Z"}
{"level":"info","message":"OPTIONS /api/screening","timestamp":"2025-08-28T14:42:59.744Z"}
{"level":"info","message":"GET /api/bookings","timestamp":"2025-08-28T14:42:59.749Z"}
{"level":"info","message":"GET /api/medications","timestamp":"2025-08-28T14:42:59.752Z"}
{"level":"info","message":"GET /api/screening","timestamp":"2025-08-28T14:42:59.759Z"}
{"level":"info","message":"GET /api/blog","timestamp":"2025-08-28T14:42:59.761Z"}
{"level":"info","message":"Retrieved 2 team members","timestamp":"2025-08-28T14:42:59.905Z"}
{"level":"info","message":"OPTIONS /api/team-members","timestamp":"2025-08-28T14:43:05.358Z"}
{"level":"info","message":"OPTIONS /api/medications","timestamp":"2025-08-28T14:43:05.365Z"}
{"level":"info","message":"OPTIONS /api/blog","timestamp":"2025-08-28T14:43:05.385Z"}
{"level":"info","message":"OPTIONS /api/bookings","timestamp":"2025-08-28T14:43:05.394Z"}
{"level":"info","message":"OPTIONS /api/screening","timestamp":"2025-08-28T14:43:05.413Z"}
{"level":"info","message":"GET /api/bookings","timestamp":"2025-08-28T14:43:05.446Z"}
{"level":"info","message":"GET /api/team-members","timestamp":"2025-08-28T14:43:05.455Z"}
{"level":"info","message":"GET /api/medications","timestamp":"2025-08-28T14:43:05.467Z"}
{"level":"info","message":"GET /api/blog","timestamp":"2025-08-28T14:43:05.479Z"}
{"level":"info","message":"GET /api/screening","timestamp":"2025-08-28T14:43:05.482Z"}
{"level":"info","message":"Retrieved 2 team members","timestamp":"2025-08-28T14:43:05.625Z"}
{"level":"info","message":"OPTIONS /api/team-members","timestamp":"2025-08-28T14:47:51.465Z"}
{"level":"info","message":"OPTIONS /api/medications","timestamp":"2025-08-28T14:47:51.472Z"}
{"level":"info","message":"OPTIONS /api/blog","timestamp":"2025-08-28T14:47:51.486Z"}
{"level":"info","message":"OPTIONS /api/screening","timestamp":"2025-08-28T14:47:51.491Z"}
{"level":"info","message":"GET /api/team-members","timestamp":"2025-08-28T14:47:51.500Z"}
{"level":"info","message":"GET /api/medications","timestamp":"2025-08-28T14:47:51.508Z"}
{"level":"info","message":"GET /api/blog","timestamp":"2025-08-28T14:47:51.520Z"}
{"level":"info","message":"GET /api/screening","timestamp":"2025-08-28T14:47:51.533Z"}
{"level":"info","message":"Retrieved 2 team members","timestamp":"2025-08-28T14:47:51.694Z"}
{"level":"info","message":"OPTIONS /api/screening","timestamp":"2025-08-28T14:57:00.916Z"}
{"level":"info","message":"GET /api/screening","timestamp":"2025-08-28T14:57:00.937Z"}
{"level":"info","message":"OPTIONS /api/screening","timestamp":"2025-08-28T14:58:07.566Z"}
{"level":"info","message":"GET /api/screening","timestamp":"2025-08-28T14:58:07.583Z"}
{"level":"info","message":"OPTIONS /api/screening","timestamp":"2025-08-28T14:58:24.555Z"}
{"level":"info","message":"GET /api/screening","timestamp":"2025-08-28T14:58:24.572Z"}
{"level":"info","message":"OPTIONS /api/screening","timestamp":"2025-08-28T15:14:39.730Z"}
{"level":"info","message":"GET /api/screening","timestamp":"2025-08-28T15:14:39.762Z"}
{"level":"info","message":"OPTIONS /api/screening","timestamp":"2025-08-28T15:14:47.154Z"}
{"level":"info","message":"GET /api/screening","timestamp":"2025-08-28T15:14:47.171Z"}
{"level":"info","message":"OPTIONS /api/screening","timestamp":"2025-08-28T15:15:00.221Z"}
{"level":"info","message":"GET /api/screening","timestamp":"2025-08-28T15:15:00.228Z"}
{"level":"info","message":"GET /api/screening","timestamp":"2025-08-28T15:15:02.837Z"}
{"level":"info","message":"OPTIONS /api/screening","timestamp":"2025-08-28T15:15:17.237Z"}
{"level":"info","message":"GET /api/screening","timestamp":"2025-08-28T15:15:17.253Z"}
{"level":"info","message":"GET /api/screening","timestamp":"2025-08-28T15:15:20.451Z"}
{"level":"info","message":"OPTIONS /api/screening","timestamp":"2025-08-28T15:15:27.184Z"}
{"level":"info","message":"GET /api/screening","timestamp":"2025-08-28T15:15:27.230Z"}
{"level":"info","message":"GET /api/screening","timestamp":"2025-08-28T15:15:30.702Z"}
{"level":"info","message":"OPTIONS /api/screening","timestamp":"2025-08-28T15:18:27.635Z"}
{"level":"info","message":"GET /api/screening","timestamp":"2025-08-28T15:18:27.645Z"}
{"level":"info","message":"OPTIONS /api/screening","timestamp":"2025-08-28T15:19:56.784Z"}
{"level":"info","message":"GET /api/screening","timestamp":"2025-08-28T15:19:56.847Z"}
{"level":"info","message":"OPTIONS /api/screening","timestamp":"2025-08-28T15:21:08.212Z"}
{"level":"info","message":"GET /api/screening","timestamp":"2025-08-28T15:21:08.246Z"}
{"level":"info","message":"OPTIONS /api/screening","timestamp":"2025-08-28T15:22:56.591Z"}
{"level":"info","message":"GET /api/screening","timestamp":"2025-08-28T15:22:56.612Z"}
{"level":"info","message":"OPTIONS /api/screening","timestamp":"2025-08-28T15:25:18.636Z"}
{"level":"info","message":"GET /api/screening","timestamp":"2025-08-28T15:25:18.684Z"}
{"level":"info","message":"OPTIONS /api/screening","timestamp":"2025-08-28T15:27:27.030Z"}
{"level":"info","message":"GET /api/screening","timestamp":"2025-08-28T15:27:27.086Z"}
{"level":"info","message":"OPTIONS /api/screening","timestamp":"2025-08-28T15:28:34.351Z"}
{"level":"info","message":"GET /api/screening","timestamp":"2025-08-28T15:28:34.409Z"}
{"level":"info","message":"OPTIONS /api/screening","timestamp":"2025-08-28T15:29:44.747Z"}
{"level":"info","message":"GET /api/screening","timestamp":"2025-08-28T15:29:44.784Z"}
{"level":"info","message":"OPTIONS /api/screening","timestamp":"2025-08-28T15:30:39.376Z"}
{"level":"info","message":"GET /api/screening","timestamp":"2025-08-28T15:30:39.450Z"}
{"level":"info","message":"Starting scheduled cleanup...","timestamp":"2025-08-28T15:35:38.102Z"}
{"level":"info","message":"Cleaned up 0 expired sessions","timestamp":"2025-08-28T15:35:38.279Z"}
{"level":"info","message":"Cleanup completed: 0 sessions cleaned, 0 active sessions remaining","timestamp":"2025-08-28T15:35:39.039Z"}
{"level":"info","message":"OPTIONS /api/screening","timestamp":"2025-08-28T15:48:09.466Z"}
{"level":"info","message":"GET /api/screening","timestamp":"2025-08-28T15:48:09.474Z"}
{"level":"info","message":"OPTIONS /api/screening","timestamp":"2025-08-28T15:48:44.131Z"}
{"level":"info","message":"GET /api/screening","timestamp":"2025-08-28T15:48:44.157Z"}
{"level":"info","message":"OPTIONS /api/screening","timestamp":"2025-08-28T15:54:20.318Z"}
{"level":"info","message":"GET /api/screening","timestamp":"2025-08-28T15:54:20.353Z"}
{"level":"info","message":"OPTIONS /api/screening","timestamp":"2025-08-28T15:54:34.627Z"}
{"level":"info","message":"GET /api/screening","timestamp":"2025-08-28T15:54:34.655Z"}
{"level":"info","message":"OPTIONS /api/screening","timestamp":"2025-08-28T16:01:38.150Z"}
{"level":"info","message":"GET /api/screening","timestamp":"2025-08-28T16:01:38.170Z"}
{"level":"info","message":"OPTIONS /api/screening","timestamp":"2025-08-28T16:02:34.811Z"}
{"level":"info","message":"GET /api/screening","timestamp":"2025-08-28T16:02:34.823Z"}
{"level":"info","message":"OPTIONS /api/screening","timestamp":"2025-08-28T16:05:21.682Z"}
{"level":"info","message":"GET /api/screening","timestamp":"2025-08-28T16:05:21.696Z"}
{"level":"info","message":"OPTIONS /api/screening/68b05bee32cd19d035db3b34","timestamp":"2025-08-28T16:07:41.693Z"}
{"level":"info","message":"PUT /api/screening/68b05bee32cd19d035db3b34","timestamp":"2025-08-28T16:07:41.700Z"}
{"level":"info","message":"OPTIONS /api/screening","timestamp":"2025-08-28T16:07:42.236Z"}
{"level":"info","message":"GET /api/screening","timestamp":"2025-08-28T16:07:42.242Z"}
{"level":"info","message":"GET /api/screening","timestamp":"2025-08-28T16:07:42.899Z"}
{"level":"info","message":"Starting production services initialization...","timestamp":"2025-08-28T16:10:24.954Z"}
{"level":"info","message":"Starting scheduled cleanup...","timestamp":"2025-08-28T16:10:24.955Z"}
{"level":"info","message":"Cleanup service started with 60 minute interval","timestamp":"2025-08-28T16:10:24.958Z"}
{"level":"info","message":"Cleanup service initialized","timestamp":"2025-08-28T16:10:24.959Z"}
{"level":"info","message":"All production services initialized successfully","timestamp":"2025-08-28T16:10:24.963Z"}
{"level":"info","message":"Production services initialized successfully","timestamp":"2025-08-28T16:10:24.964Z"}
{"level":"info","message":"Starting production services initialization...","timestamp":"2025-08-28T16:13:30.010Z"}
{"level":"info","message":"Starting scheduled cleanup...","timestamp":"2025-08-28T16:13:30.011Z"}
{"level":"info","message":"Cleanup service started with 60 minute interval","timestamp":"2025-08-28T16:13:30.013Z"}
{"level":"info","message":"Cleanup service initialized","timestamp":"2025-08-28T16:13:30.014Z"}
{"level":"info","message":"All production services initialized successfully","timestamp":"2025-08-28T16:13:30.016Z"}
{"level":"info","message":"Production services initialized successfully","timestamp":"2025-08-28T16:13:30.016Z"}
{"level":"info","message":"Starting production services initialization...","timestamp":"2025-08-28T16:16:37.712Z"}
{"level":"info","message":"Starting scheduled cleanup...","timestamp":"2025-08-28T16:16:37.713Z"}
{"level":"info","message":"Cleanup service started with 60 minute interval","timestamp":"2025-08-28T16:16:37.715Z"}
{"level":"info","message":"Cleanup service initialized","timestamp":"2025-08-28T16:16:37.716Z"}
{"level":"info","message":"All production services initialized successfully","timestamp":"2025-08-28T16:16:37.718Z"}
{"level":"info","message":"Production services initialized successfully","timestamp":"2025-08-28T16:16:37.718Z"}
{"level":"info","message":"Starting production services initialization...","timestamp":"2025-08-28T16:17:49.212Z"}
{"level":"info","message":"Starting scheduled cleanup...","timestamp":"2025-08-28T16:17:49.214Z"}
{"level":"info","message":"Cleanup service started with 60 minute interval","timestamp":"2025-08-28T16:17:49.215Z"}
{"level":"info","message":"Cleanup service initialized","timestamp":"2025-08-28T16:17:49.216Z"}
{"level":"info","message":"All production services initialized successfully","timestamp":"2025-08-28T16:17:49.220Z"}
{"level":"info","message":"Production services initialized successfully","timestamp":"2025-08-28T16:17:49.221Z"}
{"level":"info","message":"Cleaned up 0 expired sessions","timestamp":"2025-08-28T16:17:57.611Z"}
{"level":"info","message":"Cleanup completed: 0 sessions cleaned, 0 active sessions remaining","timestamp":"2025-08-28T16:18:00.118Z"}
{"level":"info","message":"OPTIONS /api/screening/68b05bee32cd19d035db3b34","timestamp":"2025-08-28T16:18:08.751Z"}
{"level":"info","message":"PUT /api/screening/68b05bee32cd19d035db3b34","timestamp":"2025-08-28T16:18:08.764Z"}
{"level":"info","message":"attempting sending email to undefined","timestamp":"2025-08-28T16:18:09.316Z"}
{"level":"info","message":"OPTIONS /api/screening","timestamp":"2025-08-28T16:18:33.180Z"}
{"level":"info","message":"GET /api/screening","timestamp":"2025-08-28T16:18:33.194Z"}
{"level":"info","message":"GET /api/screening","timestamp":"2025-08-28T16:18:33.850Z"}
{"level":"info","message":"Starting production services initialization...","timestamp":"2025-08-28T16:20:09.311Z"}
{"level":"info","message":"Starting scheduled cleanup...","timestamp":"2025-08-28T16:20:09.313Z"}
{"level":"info","message":"Cleanup service started with 60 minute interval","timestamp":"2025-08-28T16:20:09.316Z"}
{"level":"info","message":"Cleanup service initialized","timestamp":"2025-08-28T16:20:09.317Z"}
{"level":"info","message":"All production services initialized successfully","timestamp":"2025-08-28T16:20:09.320Z"}
{"level":"info","message":"Production services initialized successfully","timestamp":"2025-08-28T16:20:09.320Z"}
{"level":"info","message":"Starting production services initialization...","timestamp":"2025-08-28T16:21:00.357Z"}
{"level":"info","message":"Starting scheduled cleanup...","timestamp":"2025-08-28T16:21:00.358Z"}
{"level":"info","message":"Cleanup service started with 60 minute interval","timestamp":"2025-08-28T16:21:00.359Z"}
{"level":"info","message":"Cleanup service initialized","timestamp":"2025-08-28T16:21:00.360Z"}
{"level":"info","message":"All production services initialized successfully","timestamp":"2025-08-28T16:21:00.364Z"}
{"level":"info","message":"Production services initialized successfully","timestamp":"2025-08-28T16:21:00.364Z"}
{"level":"info","message":"Starting production services initialization...","timestamp":"2025-08-28T16:21:06.480Z"}
{"level":"info","message":"Starting scheduled cleanup...","timestamp":"2025-08-28T16:21:06.481Z"}
{"level":"info","message":"Cleanup service started with 60 minute interval","timestamp":"2025-08-28T16:21:06.483Z"}
{"level":"info","message":"Cleanup service initialized","timestamp":"2025-08-28T16:21:06.484Z"}
{"level":"info","message":"All production services initialized successfully","timestamp":"2025-08-28T16:21:06.486Z"}
{"level":"info","message":"Production services initialized successfully","timestamp":"2025-08-28T16:21:06.487Z"}
{"level":"info","message":"Starting production services initialization...","timestamp":"2025-08-28T16:21:12.832Z"}
{"level":"info","message":"Starting scheduled cleanup...","timestamp":"2025-08-28T16:21:12.833Z"}
{"level":"info","message":"Cleanup service started with 60 minute interval","timestamp":"2025-08-28T16:21:12.835Z"}
{"level":"info","message":"Cleanup service initialized","timestamp":"2025-08-28T16:21:12.836Z"}
{"level":"info","message":"All production services initialized successfully","timestamp":"2025-08-28T16:21:12.839Z"}
{"level":"info","message":"Production services initialized successfully","timestamp":"2025-08-28T16:21:12.839Z"}
{"level":"info","message":"Starting production services initialization...","timestamp":"2025-08-28T16:21:24.797Z"}
{"level":"info","message":"Starting scheduled cleanup...","timestamp":"2025-08-28T16:21:24.798Z"}
{"level":"info","message":"Cleanup service started with 60 minute interval","timestamp":"2025-08-28T16:21:24.800Z"}
{"level":"info","message":"Cleanup service initialized","timestamp":"2025-08-28T16:21:24.800Z"}
{"level":"info","message":"All production services initialized successfully","timestamp":"2025-08-28T16:21:24.804Z"}
{"level":"info","message":"Production services initialized successfully","timestamp":"2025-08-28T16:21:24.804Z"}
{"level":"info","message":"Starting production services initialization...","timestamp":"2025-08-28T16:21:31.610Z"}
{"level":"info","message":"Starting scheduled cleanup...","timestamp":"2025-08-28T16:21:31.611Z"}
{"level":"info","message":"Cleanup service started with 60 minute interval","timestamp":"2025-08-28T16:21:31.613Z"}
{"level":"info","message":"Cleanup service initialized","timestamp":"2025-08-28T16:21:31.613Z"}
{"level":"info","message":"All production services initialized successfully","timestamp":"2025-08-28T16:21:31.617Z"}
{"level":"info","message":"Production services initialized successfully","timestamp":"2025-08-28T16:21:31.617Z"}
{"level":"info","message":"Starting production services initialization...","timestamp":"2025-08-28T16:21:36.190Z"}
{"level":"info","message":"Starting scheduled cleanup...","timestamp":"2025-08-28T16:21:36.191Z"}
{"level":"info","message":"Cleanup service started with 60 minute interval","timestamp":"2025-08-28T16:21:36.193Z"}
{"level":"info","message":"Cleanup service initialized","timestamp":"2025-08-28T16:21:36.194Z"}
{"level":"info","message":"All production services initialized successfully","timestamp":"2025-08-28T16:21:36.197Z"}
{"level":"info","message":"Production services initialized successfully","timestamp":"2025-08-28T16:21:36.197Z"}
{"level":"info","message":"Starting production services initialization...","timestamp":"2025-08-28T16:22:17.426Z"}
{"level":"info","message":"Starting scheduled cleanup...","timestamp":"2025-08-28T16:22:17.427Z"}
{"level":"info","message":"Cleanup service started with 60 minute interval","timestamp":"2025-08-28T16:22:17.430Z"}
{"level":"info","message":"Cleanup service initialized","timestamp":"2025-08-28T16:22:17.430Z"}
{"level":"info","message":"All production services initialized successfully","timestamp":"2025-08-28T16:22:17.435Z"}
{"level":"info","message":"Production services initialized successfully","timestamp":"2025-08-28T16:22:17.435Z"}
{"level":"info","message":"OPTIONS /api/screening/68b05bee32cd19d035db3b34","timestamp":"2025-08-28T16:22:32.889Z"}
{"level":"info","message":"PUT /api/screening/68b05bee32cd19d035db3b34","timestamp":"2025-08-28T16:22:32.904Z"}
{"level":"info","message":"attempting sending email to undefined","timestamp":"2025-08-28T16:22:33.458Z"}
{"level":"info","message":"OPTIONS /api/screening","timestamp":"2025-08-28T16:22:36.911Z"}
{"level":"info","message":"GET /api/screening","timestamp":"2025-08-28T16:22:36.919Z"}
{"level":"info","message":"GET /api/screening","timestamp":"2025-08-28T16:22:37.630Z"}
{"level":"info","message":"Starting production services initialization...","timestamp":"2025-08-28T16:23:20.115Z"}
{"level":"info","message":"Starting scheduled cleanup...","timestamp":"2025-08-28T16:23:20.117Z"}
{"level":"info","message":"Cleanup service started with 60 minute interval","timestamp":"2025-08-28T16:23:20.120Z"}
{"level":"info","message":"Cleanup service initialized","timestamp":"2025-08-28T16:23:20.121Z"}
{"level":"info","message":"All production services initialized successfully","timestamp":"2025-08-28T16:23:20.127Z"}
{"level":"info","message":"Production services initialized successfully","timestamp":"2025-08-28T16:23:20.128Z"}
{"level":"info","message":"Cleaned up 0 expired sessions","timestamp":"2025-08-28T16:23:22.016Z"}
{"level":"info","message":"Cleanup completed: 0 sessions cleaned, 0 active sessions remaining","timestamp":"2025-08-28T16:23:24.348Z"}
{"level":"info","message":"OPTIONS /api/screening/68b05bee32cd19d035db3b34","timestamp":"2025-08-28T16:23:28.673Z"}
{"level":"info","message":"PUT /api/screening/68b05bee32cd19d035db3b34","timestamp":"2025-08-28T16:23:28.688Z"}
{"level":"info","message":"attempting sending email to undefined","timestamp":"2025-08-28T16:23:29.238Z"}
{"level":"info","message":"OPTIONS /api/screening","timestamp":"2025-08-28T16:23:31.482Z"}
{"level":"info","message":"GET /api/screening","timestamp":"2025-08-28T16:23:31.491Z"}
{"level":"info","message":"GET /api/screening","timestamp":"2025-08-28T16:23:32.137Z"}
{"level":"info","message":"Starting production services initialization...","timestamp":"2025-08-28T16:24:41.129Z"}
{"level":"info","message":"Starting scheduled cleanup...","timestamp":"2025-08-28T16:24:41.132Z"}
{"level":"info","message":"Cleanup service started with 60 minute interval","timestamp":"2025-08-28T16:24:41.138Z"}
{"level":"info","message":"Cleanup service initialized","timestamp":"2025-08-28T16:24:41.139Z"}
{"level":"info","message":"All production services initialized successfully","timestamp":"2025-08-28T16:24:41.142Z"}
{"level":"info","message":"Production services initialized successfully","timestamp":"2025-08-28T16:24:41.142Z"}
{"level":"info","message":"Starting production services initialization...","timestamp":"2025-08-28T16:25:03.070Z"}
{"level":"info","message":"Starting scheduled cleanup...","timestamp":"2025-08-28T16:25:03.071Z"}
{"level":"info","message":"Cleanup service started with 60 minute interval","timestamp":"2025-08-28T16:25:03.072Z"}
{"level":"info","message":"Cleanup service initialized","timestamp":"2025-08-28T16:25:03.073Z"}
{"level":"info","message":"All production services initialized successfully","timestamp":"2025-08-28T16:25:03.077Z"}
{"level":"info","message":"Production services initialized successfully","timestamp":"2025-08-28T16:25:03.077Z"}
{"level":"info","message":"Cleaned up 0 expired sessions","timestamp":"2025-08-28T16:25:06.545Z"}
{"level":"info","message":"Cleanup completed: 0 sessions cleaned, 0 active sessions remaining","timestamp":"2025-08-28T16:25:08.856Z"}
{"level":"info","message":"OPTIONS /api/screening/68b05bee32cd19d035db3b34","timestamp":"2025-08-28T16:25:16.000Z"}
{"level":"info","message":"PUT /api/screening/68b05bee32cd19d035db3b34","timestamp":"2025-08-28T16:25:16.012Z"}
{"level":"info","message":"attempting sending email to kparaboj@gmail.com","timestamp":"2025-08-28T16:25:16.672Z"}
{"level":"info","message":"Email sent to kparaboj@gmail.com: 250 2.0.0 Ok: queued","timestamp":"2025-08-28T16:25:20.227Z"}
{"level":"info","message":"OPTIONS /api/screening","timestamp":"2025-08-28T16:25:20.256Z"}
{"level":"info","message":"GET /api/screening","timestamp":"2025-08-28T16:25:20.272Z"}
{"level":"info","message":"GET /api/screening","timestamp":"2025-08-28T16:25:20.895Z"}
{"level":"info","message":"Starting production services initialization...","timestamp":"2025-08-28T16:27:03.506Z"}
{"level":"info","message":"Starting scheduled cleanup...","timestamp":"2025-08-28T16:27:03.507Z"}
{"level":"info","message":"Cleanup service started with 60 minute interval","timestamp":"2025-08-28T16:27:03.510Z"}
{"level":"info","message":"Cleanup service initialized","timestamp":"2025-08-28T16:27:03.511Z"}
{"level":"info","message":"All production services initialized successfully","timestamp":"2025-08-28T16:27:03.515Z"}
{"level":"info","message":"Production services initialized successfully","timestamp":"2025-08-28T16:27:03.515Z"}
{"level":"info","message":"Starting production services initialization...","timestamp":"2025-08-28T16:27:23.102Z"}
{"level":"info","message":"Starting scheduled cleanup...","timestamp":"2025-08-28T16:27:23.103Z"}
{"level":"info","message":"Cleanup service started with 60 minute interval","timestamp":"2025-08-28T16:27:23.107Z"}
{"level":"info","message":"Cleanup service initialized","timestamp":"2025-08-28T16:27:23.108Z"}
{"level":"info","message":"All production services initialized successfully","timestamp":"2025-08-28T16:27:23.113Z"}
{"level":"info","message":"Production services initialized successfully","timestamp":"2025-08-28T16:27:23.114Z"}
{"level":"info","message":"Starting production services initialization...","timestamp":"2025-08-28T16:28:10.662Z"}
{"level":"info","message":"Starting scheduled cleanup...","timestamp":"2025-08-28T16:28:10.663Z"}
{"level":"info","message":"Cleanup service started with 60 minute interval","timestamp":"2025-08-28T16:28:10.666Z"}
{"level":"info","message":"Cleanup service initialized","timestamp":"2025-08-28T16:28:10.667Z"}
{"level":"info","message":"All production services initialized successfully","timestamp":"2025-08-28T16:28:10.671Z"}
{"level":"info","message":"Production services initialized successfully","timestamp":"2025-08-28T16:28:10.671Z"}
{"level":"info","message":"Cleaned up 0 expired sessions","timestamp":"2025-08-28T16:28:12.527Z"}
{"level":"info","message":"Cleanup completed: 0 sessions cleaned, 0 active sessions remaining","timestamp":"2025-08-28T16:28:14.128Z"}
{"level":"info","message":"Starting production services initialization...","timestamp":"2025-08-28T16:28:49.331Z"}
{"level":"info","message":"Starting scheduled cleanup...","timestamp":"2025-08-28T16:28:49.332Z"}
{"level":"info","message":"Cleanup service started with 60 minute interval","timestamp":"2025-08-28T16:28:49.335Z"}
{"level":"info","message":"Cleanup service initialized","timestamp":"2025-08-28T16:28:49.336Z"}
{"level":"info","message":"All production services initialized successfully","timestamp":"2025-08-28T16:28:49.340Z"}
{"level":"info","message":"Production services initialized successfully","timestamp":"2025-08-28T16:28:49.341Z"}
{"level":"info","message":"Starting production services initialization...","timestamp":"2025-08-28T16:29:21.091Z"}
{"level":"info","message":"Starting scheduled cleanup...","timestamp":"2025-08-28T16:29:21.094Z"}
{"level":"info","message":"Cleanup service started with 60 minute interval","timestamp":"2025-08-28T16:29:21.098Z"}
{"level":"info","message":"Cleanup service initialized","timestamp":"2025-08-28T16:29:21.099Z"}
{"level":"info","message":"All production services initialized successfully","timestamp":"2025-08-28T16:29:21.106Z"}
{"level":"info","message":"Production services initialized successfully","timestamp":"2025-08-28T16:29:21.107Z"}
{"level":"info","message":"Cleaned up 0 expired sessions","timestamp":"2025-08-28T16:29:22.906Z"}
{"level":"info","message":"Cleanup completed: 0 sessions cleaned, 0 active sessions remaining","timestamp":"2025-08-28T16:29:25.177Z"}
{"level":"info","message":"OPTIONS /api/screening/68b05bee32cd19d035db3b34","timestamp":"2025-08-28T16:29:53.733Z"}
{"level":"info","message":"PUT /api/screening/68b05bee32cd19d035db3b34","timestamp":"2025-08-28T16:29:53.742Z"}
{"level":"info","message":"attempting sending email to kparaboj@gmail.com","timestamp":"2025-08-28T16:29:54.373Z"}
{"level":"info","message":"Email sent to kparaboj@gmail.com: 250 2.0.0 Ok: queued","timestamp":"2025-08-28T16:29:59.904Z"}
{"level":"info","message":"OPTIONS /api/screening","timestamp":"2025-08-28T16:29:59.930Z"}
{"level":"info","message":"GET /api/screening","timestamp":"2025-08-28T16:29:59.946Z"}
{"level":"info","message":"GET /api/screening","timestamp":"2025-08-28T16:30:00.707Z"}
{"level":"info","message":"Starting production services initialization...","timestamp":"2025-08-28T16:31:55.675Z"}
{"level":"info","message":"Starting scheduled cleanup...","timestamp":"2025-08-28T16:31:55.676Z"}
{"level":"info","message":"Cleanup service started with 60 minute interval","timestamp":"2025-08-28T16:31:55.678Z"}
{"level":"info","message":"Cleanup service initialized","timestamp":"2025-08-28T16:31:55.678Z"}
{"level":"info","message":"All production services initialized successfully","timestamp":"2025-08-28T16:31:55.682Z"}
{"level":"info","message":"Production services initialized successfully","timestamp":"2025-08-28T16:31:55.682Z"}
{"level":"info","message":"OPTIONS /api/screening/68b05bee32cd19d035db3b34","timestamp":"2025-08-28T16:32:29.105Z"}
{"level":"info","message":"PUT /api/screening/68b05bee32cd19d035db3b34","timestamp":"2025-08-28T16:32:29.112Z"}
{"level":"info","message":"attempting sending email to kparaboj@gmail.com","timestamp":"2025-08-28T16:32:34.021Z"}
{"level":"info","message":"Email sent to kparaboj@gmail.com: 250 2.0.0 Ok: queued","timestamp":"2025-08-28T16:32:37.829Z"}
{"level":"info","message":"OPTIONS /api/screening","timestamp":"2025-08-28T16:32:37.858Z"}
{"level":"info","message":"GET /api/screening","timestamp":"2025-08-28T16:32:37.883Z"}
{"level":"info","message":"GET /api/screening","timestamp":"2025-08-28T16:32:38.558Z"}
{"level":"info","message":"Starting production services initialization...","timestamp":"2025-08-28T16:33:45.486Z"}
{"level":"info","message":"Starting scheduled cleanup...","timestamp":"2025-08-28T16:33:45.487Z"}
{"level":"info","message":"Cleanup service started with 60 minute interval","timestamp":"2025-08-28T16:33:45.489Z"}
{"level":"info","message":"Cleanup service initialized","timestamp":"2025-08-28T16:33:45.490Z"}
{"level":"info","message":"All production services initialized successfully","timestamp":"2025-08-28T16:33:45.494Z"}
{"level":"info","message":"Production services initialized successfully","timestamp":"2025-08-28T16:33:45.494Z"}
{"level":"info","message":"OPTIONS /api/screening/68b05bee32cd19d035db3b34","timestamp":"2025-08-28T16:34:07.841Z"}
{"level":"info","message":"PUT /api/screening/68b05bee32cd19d035db3b34","timestamp":"2025-08-28T16:34:07.857Z"}
{"level":"info","message":"attempting sending email to kparaboj@gmail.com","timestamp":"2025-08-28T16:34:19.663Z"}
{"level":"info","message":"Email sent to kparaboj@gmail.com: 250 2.0.0 Ok: queued","timestamp":"2025-08-28T16:34:23.205Z"}
{"level":"info","message":"OPTIONS /api/screening","timestamp":"2025-08-28T16:34:23.223Z"}
{"level":"info","message":"GET /api/screening","timestamp":"2025-08-28T16:34:23.237Z"}
{"level":"info","message":"GET /api/screening","timestamp":"2025-08-28T16:34:23.954Z"}
