{"level":"info","message":"Starting production services initialization...","timestamp":"2025-07-13T10:00:11.139Z"}
{"level":"info","message":"Starting scheduled cleanup...","timestamp":"2025-07-13T10:00:11.140Z"}
{"level":"info","message":"Cleanup service started with 60 minute interval","timestamp":"2025-07-13T10:00:11.142Z"}
{"level":"info","message":"Cleanup service initialized","timestamp":"2025-07-13T10:00:11.143Z"}
{"level":"info","message":"All production services initialized successfully","timestamp":"2025-07-13T10:00:11.146Z"}
{"level":"info","message":"Production services initialized successfully","timestamp":"2025-07-13T10:00:11.147Z"}
{"level":"info","message":"Starting production services initialization...","timestamp":"2025-07-13T10:00:25.815Z"}
{"level":"info","message":"Starting scheduled cleanup...","timestamp":"2025-07-13T10:00:25.815Z"}
{"level":"info","message":"Cleanup service started with 60 minute interval","timestamp":"2025-07-13T10:00:25.824Z"}
{"level":"info","message":"Cleanup service initialized","timestamp":"2025-07-13T10:00:25.825Z"}
{"level":"info","message":"All production services initialized successfully","timestamp":"2025-07-13T10:00:25.829Z"}
{"level":"info","message":"Production services initialized successfully","timestamp":"2025-07-13T10:00:25.829Z"}
{"level":"info","message":"Starting production services initialization...","timestamp":"2025-07-13T10:00:31.733Z"}
{"level":"info","message":"Starting scheduled cleanup...","timestamp":"2025-07-13T10:00:31.734Z"}
{"level":"info","message":"Cleanup service started with 60 minute interval","timestamp":"2025-07-13T10:00:31.735Z"}
{"level":"info","message":"Cleanup service initialized","timestamp":"2025-07-13T10:00:31.736Z"}
{"level":"info","message":"All production services initialized successfully","timestamp":"2025-07-13T10:00:31.739Z"}
{"level":"info","message":"Production services initialized successfully","timestamp":"2025-07-13T10:00:31.740Z"}
{"level":"error","message":"Error in cleanupExpiredSessions: Operation `chatsessions.updateMany()` buffering timed out after 10000ms","timestamp":"2025-07-13T10:00:41.750Z"}
{"level":"error","message":"Error during cleanup: Operation `chatsessions.updateMany()` buffering timed out after 10000ms","timestamp":"2025-07-13T10:00:41.752Z"}
{"level":"info","message":"OPTIONS /api/bookings/slots","timestamp":"2025-07-13T10:01:32.200Z"}
{"level":"info","message":"GET /api/bookings/slots","timestamp":"2025-07-13T10:01:32.216Z"}
{"level":"info","message":"GET Request to /api/bookings/slots from ::1","timestamp":"2025-07-13T10:01:32.221Z"}
{"level":"info","message":"Starting production services initialization...","timestamp":"2025-07-13T10:10:33.035Z"}
{"level":"info","message":"Starting scheduled cleanup...","timestamp":"2025-07-13T10:10:33.036Z"}
{"level":"info","message":"Cleanup service started with 60 minute interval","timestamp":"2025-07-13T10:10:33.037Z"}
{"level":"info","message":"Cleanup service initialized","timestamp":"2025-07-13T10:10:33.038Z"}
{"level":"info","message":"All production services initialized successfully","timestamp":"2025-07-13T10:10:33.041Z"}
{"level":"info","message":"Production services initialized successfully","timestamp":"2025-07-13T10:10:33.041Z"}
{"level":"info","message":"Starting production services initialization...","timestamp":"2025-07-13T10:10:55.136Z"}
{"level":"info","message":"Starting scheduled cleanup...","timestamp":"2025-07-13T10:10:55.136Z"}
{"level":"info","message":"Cleanup service started with 60 minute interval","timestamp":"2025-07-13T10:10:55.138Z"}
{"level":"info","message":"Cleanup service initialized","timestamp":"2025-07-13T10:10:55.139Z"}
{"level":"info","message":"All production services initialized successfully","timestamp":"2025-07-13T10:10:55.142Z"}
{"level":"info","message":"Production services initialized successfully","timestamp":"2025-07-13T10:10:55.142Z"}
{"level":"info","message":"Cleaned up 0 expired sessions","timestamp":"2025-07-13T10:10:59.036Z"}
{"level":"info","message":"Cleanup completed: 0 sessions cleaned, 0 active sessions remaining","timestamp":"2025-07-13T10:11:01.310Z"}
{"level":"info","message":"OPTIONS /api/bookings/slots","timestamp":"2025-07-13T10:12:04.329Z"}
{"level":"info","message":"GET /api/bookings/slots","timestamp":"2025-07-13T10:12:04.350Z"}
{"level":"info","message":"GET Request to /api/bookings/slots from ::1","timestamp":"2025-07-13T10:12:04.354Z"}
{"level":"info","message":"Starting production services initialization...","timestamp":"2025-07-13T10:12:52.246Z"}
{"level":"info","message":"Starting scheduled cleanup...","timestamp":"2025-07-13T10:12:52.247Z"}
{"level":"info","message":"Cleanup service started with 60 minute interval","timestamp":"2025-07-13T10:12:52.248Z"}
{"level":"info","message":"Cleanup service initialized","timestamp":"2025-07-13T10:12:52.249Z"}
{"level":"info","message":"All production services initialized successfully","timestamp":"2025-07-13T10:12:52.252Z"}
{"level":"info","message":"Production services initialized successfully","timestamp":"2025-07-13T10:12:52.252Z"}
{"level":"info","message":"Starting production services initialization...","timestamp":"2025-07-13T10:13:00.927Z"}
{"level":"info","message":"Starting scheduled cleanup...","timestamp":"2025-07-13T10:13:00.927Z"}
{"level":"info","message":"Cleanup service started with 60 minute interval","timestamp":"2025-07-13T10:13:00.929Z"}
{"level":"info","message":"Cleanup service initialized","timestamp":"2025-07-13T10:13:00.930Z"}
{"level":"info","message":"All production services initialized successfully","timestamp":"2025-07-13T10:13:00.934Z"}
{"level":"info","message":"Production services initialized successfully","timestamp":"2025-07-13T10:13:00.934Z"}
{"level":"info","message":"Cleaned up 0 expired sessions","timestamp":"2025-07-13T10:13:03.802Z"}
{"level":"info","message":"Cleanup completed: 0 sessions cleaned, 0 active sessions remaining","timestamp":"2025-07-13T10:13:06.687Z"}
{"level":"info","message":"OPTIONS /api/bookings/slots","timestamp":"2025-07-13T10:13:12.406Z"}
{"level":"info","message":"GET /api/bookings/slots","timestamp":"2025-07-13T10:13:12.419Z"}
{"level":"info","message":"GET Request to /api/bookings/slots from ::1","timestamp":"2025-07-13T10:13:12.423Z"}
{"level":"info","message":"Starting production services initialization...","timestamp":"2025-07-13T10:14:31.912Z"}
{"level":"info","message":"Starting scheduled cleanup...","timestamp":"2025-07-13T10:14:31.913Z"}
{"level":"info","message":"Cleanup service started with 60 minute interval","timestamp":"2025-07-13T10:14:31.916Z"}
{"level":"info","message":"Cleanup service initialized","timestamp":"2025-07-13T10:14:31.916Z"}
{"level":"info","message":"All production services initialized successfully","timestamp":"2025-07-13T10:14:31.919Z"}
{"level":"info","message":"Production services initialized successfully","timestamp":"2025-07-13T10:14:31.919Z"}
{"level":"info","message":"Starting production services initialization...","timestamp":"2025-07-13T10:14:39.268Z"}
{"level":"info","message":"Starting scheduled cleanup...","timestamp":"2025-07-13T10:14:39.269Z"}
{"level":"info","message":"Cleanup service started with 60 minute interval","timestamp":"2025-07-13T10:14:39.271Z"}
{"level":"info","message":"Cleanup service initialized","timestamp":"2025-07-13T10:14:39.272Z"}
{"level":"info","message":"All production services initialized successfully","timestamp":"2025-07-13T10:14:39.275Z"}
{"level":"info","message":"Production services initialized successfully","timestamp":"2025-07-13T10:14:39.275Z"}
{"level":"info","message":"Cleaned up 0 expired sessions","timestamp":"2025-07-13T10:14:47.135Z"}
{"level":"info","message":"Cleanup completed: 0 sessions cleaned, 0 active sessions remaining","timestamp":"2025-07-13T10:14:49.353Z"}
{"level":"info","message":"OPTIONS /api/bookings/slots","timestamp":"2025-07-13T10:14:55.548Z"}
{"level":"info","message":"GET /api/bookings/slots","timestamp":"2025-07-13T10:14:55.568Z"}
{"level":"info","message":"GET Request to /api/bookings/slots from ::1","timestamp":"2025-07-13T10:14:55.573Z"}
{"level":"info","message":"Starting production services initialization...","timestamp":"2025-07-13T10:17:02.021Z"}
{"level":"info","message":"Starting scheduled cleanup...","timestamp":"2025-07-13T10:17:02.022Z"}
{"level":"info","message":"Cleanup service started with 60 minute interval","timestamp":"2025-07-13T10:17:02.024Z"}
{"level":"info","message":"Cleanup service initialized","timestamp":"2025-07-13T10:17:02.025Z"}
{"level":"info","message":"All production services initialized successfully","timestamp":"2025-07-13T10:17:02.040Z"}
{"level":"info","message":"Production services initialized successfully","timestamp":"2025-07-13T10:17:02.040Z"}
{"level":"info","message":"Starting production services initialization...","timestamp":"2025-07-13T10:17:26.801Z"}
{"level":"info","message":"Starting scheduled cleanup...","timestamp":"2025-07-13T10:17:26.802Z"}
{"level":"info","message":"Cleanup service started with 60 minute interval","timestamp":"2025-07-13T10:17:26.804Z"}
{"level":"info","message":"Cleanup service initialized","timestamp":"2025-07-13T10:17:26.805Z"}
{"level":"info","message":"All production services initialized successfully","timestamp":"2025-07-13T10:17:26.809Z"}
{"level":"info","message":"Production services initialized successfully","timestamp":"2025-07-13T10:17:26.809Z"}
{"level":"info","message":"Cleaned up 0 expired sessions","timestamp":"2025-07-13T10:17:29.215Z"}
{"level":"info","message":"Cleanup completed: 0 sessions cleaned, 0 active sessions remaining","timestamp":"2025-07-13T10:17:31.588Z"}
{"level":"info","message":"Starting production services initialization...","timestamp":"2025-07-13T10:24:03.317Z"}
{"level":"info","message":"Starting scheduled cleanup...","timestamp":"2025-07-13T10:24:03.318Z"}
{"level":"info","message":"Cleanup service started with 60 minute interval","timestamp":"2025-07-13T10:24:03.321Z"}
{"level":"info","message":"Cleanup service initialized","timestamp":"2025-07-13T10:24:03.322Z"}
{"level":"info","message":"All production services initialized successfully","timestamp":"2025-07-13T10:24:03.326Z"}
{"level":"info","message":"Production services initialized successfully","timestamp":"2025-07-13T10:24:03.327Z"}
{"level":"info","message":"Cleaned up 0 expired sessions","timestamp":"2025-07-13T10:24:06.878Z"}
{"level":"info","message":"Cleanup completed: 0 sessions cleaned, 0 active sessions remaining","timestamp":"2025-07-13T10:24:09.084Z"}
{"level":"info","message":"Starting production services initialization...","timestamp":"2025-07-13T10:24:38.199Z"}
{"level":"info","message":"Starting scheduled cleanup...","timestamp":"2025-07-13T10:24:38.199Z"}
{"level":"info","message":"Cleanup service started with 60 minute interval","timestamp":"2025-07-13T10:24:38.201Z"}
{"level":"info","message":"Cleanup service initialized","timestamp":"2025-07-13T10:24:38.202Z"}
{"level":"info","message":"All production services initialized successfully","timestamp":"2025-07-13T10:24:38.205Z"}
{"level":"info","message":"Production services initialized successfully","timestamp":"2025-07-13T10:24:38.206Z"}
{"level":"info","message":"Cleaned up 0 expired sessions","timestamp":"2025-07-13T10:24:40.113Z"}
{"level":"info","message":"Cleanup completed: 0 sessions cleaned, 0 active sessions remaining","timestamp":"2025-07-13T10:24:42.485Z"}
{"level":"info","message":"Starting production services initialization...","timestamp":"2025-07-13T10:27:52.499Z"}
{"level":"info","message":"Starting scheduled cleanup...","timestamp":"2025-07-13T10:27:52.501Z"}
{"level":"info","message":"Cleanup service started with 60 minute interval","timestamp":"2025-07-13T10:27:52.505Z"}
{"level":"info","message":"Cleanup service initialized","timestamp":"2025-07-13T10:27:52.506Z"}
{"level":"info","message":"All production services initialized successfully","timestamp":"2025-07-13T10:27:52.511Z"}
{"level":"info","message":"Production services initialized successfully","timestamp":"2025-07-13T10:27:52.511Z"}
{"level":"info","message":"Cleaned up 0 expired sessions","timestamp":"2025-07-13T10:27:55.032Z"}
{"level":"info","message":"Cleanup completed: 0 sessions cleaned, 0 active sessions remaining","timestamp":"2025-07-13T10:27:57.362Z"}
{"level":"info","message":"OPTIONS /api/bookings/slots","timestamp":"2025-07-13T10:28:04.680Z"}
{"level":"info","message":"GET /api/bookings/slots","timestamp":"2025-07-13T10:28:04.695Z"}
{"level":"info","message":"GET Request to /api/bookings/slots from ::1","timestamp":"2025-07-13T10:28:04.705Z"}
{"level":"info","message":"Starting production services initialization...","timestamp":"2025-07-13T10:28:34.989Z"}
{"level":"info","message":"Starting scheduled cleanup...","timestamp":"2025-07-13T10:28:34.989Z"}
{"level":"info","message":"Cleanup service started with 60 minute interval","timestamp":"2025-07-13T10:28:34.991Z"}
{"level":"info","message":"Cleanup service initialized","timestamp":"2025-07-13T10:28:34.992Z"}
{"level":"info","message":"All production services initialized successfully","timestamp":"2025-07-13T10:28:34.995Z"}
{"level":"info","message":"Production services initialized successfully","timestamp":"2025-07-13T10:28:34.995Z"}
{"level":"info","message":"Cleaned up 0 expired sessions","timestamp":"2025-07-13T10:28:36.842Z"}
{"level":"info","message":"Cleanup completed: 0 sessions cleaned, 0 active sessions remaining","timestamp":"2025-07-13T10:28:39.393Z"}
{"level":"info","message":"OPTIONS /api/bookings/slots","timestamp":"2025-07-13T10:28:44.637Z"}
{"level":"info","message":"GET /api/bookings/slots","timestamp":"2025-07-13T10:28:44.650Z"}
{"level":"info","message":"GET Request to /api/bookings/slots from ::1","timestamp":"2025-07-13T10:28:44.655Z"}
{"level":"info","message":"Starting production services initialization...","timestamp":"2025-07-13T10:35:52.900Z"}
{"level":"info","message":"Starting scheduled cleanup...","timestamp":"2025-07-13T10:35:52.900Z"}
{"level":"info","message":"Cleanup service started with 60 minute interval","timestamp":"2025-07-13T10:35:52.902Z"}
{"level":"info","message":"Cleanup service initialized","timestamp":"2025-07-13T10:35:52.903Z"}
{"level":"info","message":"All production services initialized successfully","timestamp":"2025-07-13T10:35:52.906Z"}
{"level":"info","message":"Production services initialized successfully","timestamp":"2025-07-13T10:35:52.906Z"}
{"level":"info","message":"Cleaned up 0 expired sessions","timestamp":"2025-07-13T10:35:57.557Z"}
{"level":"info","message":"Cleanup completed: 0 sessions cleaned, 0 active sessions remaining","timestamp":"2025-07-13T10:35:58.937Z"}
{"level":"info","message":"Starting production services initialization...","timestamp":"2025-07-13T10:37:37.286Z"}
{"level":"info","message":"Starting scheduled cleanup...","timestamp":"2025-07-13T10:37:37.287Z"}
{"level":"info","message":"Cleanup service started with 60 minute interval","timestamp":"2025-07-13T10:37:37.290Z"}
{"level":"info","message":"Cleanup service initialized","timestamp":"2025-07-13T10:37:37.290Z"}
{"level":"info","message":"All production services initialized successfully","timestamp":"2025-07-13T10:37:37.301Z"}
{"level":"info","message":"Production services initialized successfully","timestamp":"2025-07-13T10:37:37.301Z"}
{"level":"info","message":"Cleaned up 0 expired sessions","timestamp":"2025-07-13T10:37:39.559Z"}
{"level":"info","message":"Cleanup completed: 0 sessions cleaned, 0 active sessions remaining","timestamp":"2025-07-13T10:37:40.993Z"}
{"level":"info","message":"OPTIONS /api/bookings/slots","timestamp":"2025-07-13T10:38:17.607Z"}
{"level":"info","message":"GET /api/bookings/slots","timestamp":"2025-07-13T10:38:17.625Z"}
{"level":"info","message":"GET Request to /api/bookings/slots from ::1","timestamp":"2025-07-13T10:38:17.629Z"}
{"level":"info","message":"Starting production services initialization...","timestamp":"2025-07-13T10:39:53.494Z"}
{"level":"info","message":"Starting scheduled cleanup...","timestamp":"2025-07-13T10:39:53.495Z"}
{"level":"info","message":"Cleanup service started with 60 minute interval","timestamp":"2025-07-13T10:39:53.497Z"}
{"level":"info","message":"Cleanup service initialized","timestamp":"2025-07-13T10:39:53.498Z"}
{"level":"info","message":"All production services initialized successfully","timestamp":"2025-07-13T10:39:53.501Z"}
{"level":"info","message":"Production services initialized successfully","timestamp":"2025-07-13T10:39:53.501Z"}
{"level":"info","message":"Cleaned up 0 expired sessions","timestamp":"2025-07-13T10:39:55.829Z"}
{"level":"info","message":"Cleanup completed: 0 sessions cleaned, 0 active sessions remaining","timestamp":"2025-07-13T10:39:58.158Z"}
{"level":"info","message":"Starting production services initialization...","timestamp":"2025-07-13T10:40:48.910Z"}
{"level":"info","message":"Starting scheduled cleanup...","timestamp":"2025-07-13T10:40:48.912Z"}
{"level":"info","message":"Cleanup service started with 60 minute interval","timestamp":"2025-07-13T10:40:48.917Z"}
{"level":"info","message":"Cleanup service initialized","timestamp":"2025-07-13T10:40:48.917Z"}
{"level":"info","message":"All production services initialized successfully","timestamp":"2025-07-13T10:40:48.921Z"}
{"level":"info","message":"Production services initialized successfully","timestamp":"2025-07-13T10:40:48.921Z"}
{"level":"info","message":"Cleaned up 0 expired sessions","timestamp":"2025-07-13T10:40:51.768Z"}
{"level":"info","message":"Cleanup completed: 0 sessions cleaned, 0 active sessions remaining","timestamp":"2025-07-13T10:40:56.933Z"}
{"level":"info","message":"Starting production services initialization...","timestamp":"2025-07-13T10:43:11.872Z"}
{"level":"info","message":"Starting scheduled cleanup...","timestamp":"2025-07-13T10:43:11.873Z"}
{"level":"info","message":"Cleanup service started with 60 minute interval","timestamp":"2025-07-13T10:43:11.875Z"}
{"level":"info","message":"Cleanup service initialized","timestamp":"2025-07-13T10:43:11.876Z"}
{"level":"info","message":"All production services initialized successfully","timestamp":"2025-07-13T10:43:11.878Z"}
{"level":"info","message":"Production services initialized successfully","timestamp":"2025-07-13T10:43:11.879Z"}
{"level":"info","message":"Cleaned up 0 expired sessions","timestamp":"2025-07-13T10:43:14.080Z"}
{"level":"info","message":"Cleanup completed: 0 sessions cleaned, 0 active sessions remaining","timestamp":"2025-07-13T10:43:15.699Z"}
{"level":"info","message":"GET /api/swaga-docs","timestamp":"2025-07-13T10:43:41.729Z"}
{"level":"info","message":"GET /api-docs","timestamp":"2025-07-13T10:44:03.122Z"}
{"level":"info","message":"GET /api-docs/","timestamp":"2025-07-13T10:44:03.131Z"}
{"level":"info","message":"GET /api-docs/swagger-ui.css","timestamp":"2025-07-13T10:44:03.362Z"}
{"level":"info","message":"GET /api-docs/swagger-ui-bundle.js","timestamp":"2025-07-13T10:44:03.384Z"}
{"level":"info","message":"GET /api-docs/swagger-ui-standalone-preset.js","timestamp":"2025-07-13T10:44:03.386Z"}
{"level":"info","message":"GET /api-docs/swagger-ui-init.js","timestamp":"2025-07-13T10:44:03.395Z"}
{"level":"info","message":"GET /api-docs/favicon-32x32.png","timestamp":"2025-07-13T10:44:04.427Z"}
{"level":"info","message":"Starting scheduled cleanup...","timestamp":"2025-07-13T11:43:13.493Z"}
{"level":"info","message":"Cleaned up 0 expired sessions","timestamp":"2025-07-13T11:43:17.155Z"}
{"level":"info","message":"Cleanup completed: 0 sessions cleaned, 0 active sessions remaining","timestamp":"2025-07-13T11:43:19.213Z"}
{"level":"info","message":"Starting scheduled cleanup...","timestamp":"2025-07-13T12:43:11.876Z"}
{"level":"info","message":"Cleaned up 0 expired sessions","timestamp":"2025-07-13T12:43:21.852Z"}
{"level":"info","message":"Cleanup completed: 0 sessions cleaned, 0 active sessions remaining","timestamp":"2025-07-13T12:43:22.567Z"}
