{"level":"info","message":"Starting production services initialization...","timestamp":"2025-07-15T02:38:44.584Z"}
{"level":"info","message":"Starting scheduled cleanup...","timestamp":"2025-07-15T02:38:44.585Z"}
{"level":"info","message":"Cleanup service started with 60 minute interval","timestamp":"2025-07-15T02:38:44.587Z"}
{"level":"info","message":"Cleanup service initialized","timestamp":"2025-07-15T02:38:44.587Z"}
{"level":"info","message":"All production services initialized successfully","timestamp":"2025-07-15T02:38:44.590Z"}
{"level":"info","message":"Production services initialized successfully","timestamp":"2025-07-15T02:38:44.590Z"}
{"level":"info","message":"Cleaned up 0 expired sessions","timestamp":"2025-07-15T02:38:48.718Z"}
{"level":"info","message":"Cleanup completed: 0 sessions cleaned, 0 active sessions remaining","timestamp":"2025-07-15T02:38:50.011Z"}
{"level":"info","message":"OPTIONS /api/blog","timestamp":"2025-07-15T02:45:38.049Z"}
{"level":"info","message":"GET /api/blog","timestamp":"2025-07-15T02:45:38.151Z"}
{"level":"info","message":"OPTIONS /api/team-members","timestamp":"2025-07-15T02:47:46.946Z"}
{"level":"info","message":"OPTIONS /api/medications","timestamp":"2025-07-15T02:47:46.957Z"}
{"level":"info","message":"OPTIONS /api/blog","timestamp":"2025-07-15T02:47:46.959Z"}
{"level":"info","message":"OPTIONS /api/bookings","timestamp":"2025-07-15T02:47:46.962Z"}
{"level":"info","message":"GET /api/team-members","timestamp":"2025-07-15T02:47:46.977Z"}
{"level":"info","message":"GET Request to /api/team-members from ::1","timestamp":"2025-07-15T02:47:46.979Z"}
{"level":"info","message":"GET /api/blog","timestamp":"2025-07-15T02:47:46.983Z"}
{"level":"info","message":"GET /api/medications","timestamp":"2025-07-15T02:47:46.988Z"}
{"level":"info","message":"GET Request to /api/medications from ::1","timestamp":"2025-07-15T02:47:46.990Z"}
{"level":"info","message":"GET /api/bookings","timestamp":"2025-07-15T02:47:47.006Z"}
{"level":"info","message":"Retrieved 1 team members","timestamp":"2025-07-15T02:47:47.138Z"}
{"level":"info","message":"OPTIONS /api/auth/logout","timestamp":"2025-07-15T02:47:51.894Z"}
{"level":"info","message":"GET /api/auth/logout","timestamp":"2025-07-15T02:47:51.916Z"}
{"level":"info","message":"GET Request to /api/auth/logout from ::1","timestamp":"2025-07-15T02:47:51.922Z"}
{"expiredAt":"2025-07-08T22:33:43.000Z","level":"error","message":"jwt expired","name":"TokenExpiredError","timestamp":"2025-07-15T02:47:52.105Z"}
{"level":"info","message":"Shutting down production services...","timestamp":"2025-07-15T02:48:07.856Z"}
{"level":"info","message":"Cleanup service stopped","timestamp":"2025-07-15T02:48:07.856Z"}
{"level":"info","message":"Cleanup service stopped","timestamp":"2025-07-15T02:48:07.857Z"}
{"level":"info","message":"All production services shut down successfully","timestamp":"2025-07-15T02:48:07.857Z"}
{"level":"info","message":"Shutting down production services...","timestamp":"2025-07-15T02:48:07.902Z"}
{"level":"info","message":"Cleanup service stopped","timestamp":"2025-07-15T02:48:07.902Z"}
{"level":"info","message":"Cleanup service stopped","timestamp":"2025-07-15T02:48:07.903Z"}
{"level":"info","message":"All production services shut down successfully","timestamp":"2025-07-15T02:48:07.903Z"}
{"level":"info","message":"Shutting down production services...","timestamp":"2025-07-15T02:48:07.920Z"}
{"level":"info","message":"Cleanup service stopped","timestamp":"2025-07-15T02:48:07.921Z"}
{"level":"info","message":"Cleanup service stopped","timestamp":"2025-07-15T02:48:07.921Z"}
{"level":"info","message":"All production services shut down successfully","timestamp":"2025-07-15T02:48:07.921Z"}
{"level":"info","message":"Starting production services initialization...","timestamp":"2025-07-15T02:48:22.210Z"}
{"level":"info","message":"Starting scheduled cleanup...","timestamp":"2025-07-15T02:48:22.211Z"}
{"level":"info","message":"Cleanup service started with 60 minute interval","timestamp":"2025-07-15T02:48:22.214Z"}
{"level":"info","message":"Cleanup service initialized","timestamp":"2025-07-15T02:48:22.214Z"}
{"level":"info","message":"All production services initialized successfully","timestamp":"2025-07-15T02:48:22.217Z"}
{"level":"info","message":"Production services initialized successfully","timestamp":"2025-07-15T02:48:22.217Z"}
{"level":"info","message":"Cleaned up 0 expired sessions","timestamp":"2025-07-15T02:48:26.583Z"}
{"level":"info","message":"Cleanup completed: 0 sessions cleaned, 0 active sessions remaining","timestamp":"2025-07-15T02:48:28.892Z"}
{"level":"info","message":"OPTIONS /api/auth/login","timestamp":"2025-07-15T02:53:13.450Z"}
{"level":"info","message":"POST /api/auth/login","timestamp":"2025-07-15T02:53:13.463Z"}
{"level":"info","message":"POST Request to /api/auth/login from ::1","timestamp":"2025-07-15T02:53:13.707Z"}
{"level":"info","message":"OPTIONS /api/team-members","timestamp":"2025-07-15T02:53:14.136Z"}
{"level":"info","message":"OPTIONS /api/medications","timestamp":"2025-07-15T02:53:14.168Z"}
{"level":"info","message":"OPTIONS /api/blog","timestamp":"2025-07-15T02:53:14.182Z"}
{"level":"info","message":"OPTIONS /api/bookings","timestamp":"2025-07-15T02:53:14.197Z"}
{"level":"info","message":"GET /api/medications","timestamp":"2025-07-15T02:53:14.198Z"}
{"level":"info","message":"GET Request to /api/medications from ::1","timestamp":"2025-07-15T02:53:14.202Z"}
{"level":"info","message":"GET /api/blog","timestamp":"2025-07-15T02:53:14.212Z"}
{"level":"info","message":"GET /api/team-members","timestamp":"2025-07-15T02:53:14.217Z"}
{"level":"info","message":"GET Request to /api/team-members from ::1","timestamp":"2025-07-15T02:53:14.218Z"}
{"level":"info","message":"GET /api/bookings","timestamp":"2025-07-15T02:53:14.226Z"}
{"level":"info","message":"Retrieved 1 team members","timestamp":"2025-07-15T02:53:14.389Z"}
{"level":"info","message":"OPTIONS /api/team-members","timestamp":"2025-07-15T02:53:45.495Z"}
{"level":"info","message":"GET /api/team-members","timestamp":"2025-07-15T02:53:45.502Z"}
{"level":"info","message":"GET Request to /api/team-members from ::1","timestamp":"2025-07-15T02:53:45.503Z"}
{"level":"info","message":"Retrieved 1 team members","timestamp":"2025-07-15T02:53:45.683Z"}
{"level":"info","message":"OPTIONS /api/team-members","timestamp":"2025-07-15T02:56:31.577Z"}
{"level":"info","message":"POST /api/team-members","timestamp":"2025-07-15T02:56:31.589Z"}
{"level":"info","message":"POST Request to /api/team-members from ::1","timestamp":"2025-07-15T02:56:31.609Z"}
{"level":"info","message":"POST Request to /api/team-members from ::1","timestamp":"2025-07-15T02:56:31.987Z"}
{"level":"info","message":"Image uploaded for team member: team-member-1752548191988-c1apdd.jpeg","timestamp":"2025-07-15T02:56:31.997Z"}
{"level":"info","message":"Created new team member: Anita","timestamp":"2025-07-15T02:56:32.205Z"}
{"level":"info","message":"Starting production services initialization...","timestamp":"2025-07-15T03:02:15.255Z"}
{"level":"info","message":"Starting scheduled cleanup...","timestamp":"2025-07-15T03:02:15.256Z"}
{"level":"info","message":"Cleanup service started with 60 minute interval","timestamp":"2025-07-15T03:02:15.258Z"}
{"level":"info","message":"Cleanup service initialized","timestamp":"2025-07-15T03:02:15.259Z"}
{"level":"info","message":"All production services initialized successfully","timestamp":"2025-07-15T03:02:15.270Z"}
{"level":"info","message":"Production services initialized successfully","timestamp":"2025-07-15T03:02:15.270Z"}
{"level":"info","message":"Cleaned up 0 expired sessions","timestamp":"2025-07-15T03:02:18.356Z"}
{"level":"info","message":"Cleanup completed: 0 sessions cleaned, 0 active sessions remaining","timestamp":"2025-07-15T03:02:20.493Z"}
{"level":"info","message":"OPTIONS /api/team-members","timestamp":"2025-07-15T03:02:56.939Z"}
{"level":"info","message":"GET /api/team-members","timestamp":"2025-07-15T03:02:56.971Z"}
{"level":"info","message":"GET Request to /api/team-members from ::1","timestamp":"2025-07-15T03:02:56.977Z"}
{"level":"info","message":"Retrieved 2 team members","timestamp":"2025-07-15T03:02:57.160Z"}
{"level":"info","message":"GET /api/team-members","timestamp":"2025-07-15T03:03:01.004Z"}
{"level":"info","message":"GET Request to /api/team-members from ::1","timestamp":"2025-07-15T03:03:01.007Z"}
{"level":"info","message":"OPTIONS /api/medications","timestamp":"2025-07-15T03:03:01.010Z"}
{"level":"info","message":"OPTIONS /api/blog","timestamp":"2025-07-15T03:03:01.016Z"}
{"level":"info","message":"OPTIONS /api/bookings","timestamp":"2025-07-15T03:03:01.017Z"}
{"level":"info","message":"GET /api/bookings","timestamp":"2025-07-15T03:03:01.033Z"}
{"level":"info","message":"GET /api/medications","timestamp":"2025-07-15T03:03:01.037Z"}
{"level":"info","message":"GET Request to /api/medications from ::1","timestamp":"2025-07-15T03:03:01.037Z"}
{"level":"info","message":"GET /api/blog","timestamp":"2025-07-15T03:03:01.048Z"}
{"level":"info","message":"Retrieved 2 team members","timestamp":"2025-07-15T03:03:01.176Z"}
{"level":"info","message":"OPTIONS /api/auth/logout","timestamp":"2025-07-15T03:03:02.462Z"}
{"level":"info","message":"GET /api/auth/logout","timestamp":"2025-07-15T03:03:02.467Z"}
{"level":"info","message":"GET Request to /api/auth/logout from ::1","timestamp":"2025-07-15T03:03:02.469Z"}
{"level":"info","message":"OPTIONS /api/auth/login","timestamp":"2025-07-15T03:03:12.143Z"}
{"level":"info","message":"POST /api/auth/login","timestamp":"2025-07-15T03:03:12.148Z"}
{"level":"info","message":"POST Request to /api/auth/login from ::1","timestamp":"2025-07-15T03:03:12.181Z"}
{"level":"info","message":"OPTIONS /api/team-members","timestamp":"2025-07-15T03:03:12.542Z"}
{"level":"info","message":"GET /api/team-members","timestamp":"2025-07-15T03:03:12.551Z"}
{"level":"info","message":"GET Request to /api/team-members from ::1","timestamp":"2025-07-15T03:03:12.552Z"}
{"level":"info","message":"OPTIONS /api/medications","timestamp":"2025-07-15T03:03:12.559Z"}
{"level":"info","message":"OPTIONS /api/blog","timestamp":"2025-07-15T03:03:12.577Z"}
{"level":"info","message":"OPTIONS /api/bookings","timestamp":"2025-07-15T03:03:12.580Z"}
{"level":"info","message":"GET /api/medications","timestamp":"2025-07-15T03:03:12.583Z"}
{"level":"info","message":"GET Request to /api/medications from ::1","timestamp":"2025-07-15T03:03:12.584Z"}
{"level":"info","message":"GET /api/bookings","timestamp":"2025-07-15T03:03:12.601Z"}
{"level":"info","message":"GET /api/blog","timestamp":"2025-07-15T03:03:12.605Z"}
{"level":"info","message":"Retrieved 2 team members","timestamp":"2025-07-15T03:03:12.725Z"}
{"level":"info","message":"GET /api/team-members","timestamp":"2025-07-15T03:03:15.618Z"}
{"level":"info","message":"GET Request to /api/team-members from ::1","timestamp":"2025-07-15T03:03:15.619Z"}
{"level":"info","message":"Retrieved 2 team members","timestamp":"2025-07-15T03:03:15.845Z"}
{"level":"info","message":"OPTIONS /api/team-members","timestamp":"2025-07-15T03:04:50.999Z"}
{"level":"info","message":"OPTIONS /api/medications","timestamp":"2025-07-15T03:04:51.012Z"}
{"level":"info","message":"OPTIONS /api/blog","timestamp":"2025-07-15T03:04:51.017Z"}
{"level":"info","message":"OPTIONS /api/bookings","timestamp":"2025-07-15T03:04:51.019Z"}
{"level":"info","message":"GET /api/team-members","timestamp":"2025-07-15T03:04:51.022Z"}
{"level":"info","message":"GET Request to /api/team-members from ::1","timestamp":"2025-07-15T03:04:51.022Z"}
{"level":"info","message":"GET /api/bookings","timestamp":"2025-07-15T03:04:51.031Z"}
{"level":"info","message":"GET /api/medications","timestamp":"2025-07-15T03:04:51.036Z"}
{"level":"info","message":"GET Request to /api/medications from ::1","timestamp":"2025-07-15T03:04:51.039Z"}
{"level":"info","message":"GET /api/blog","timestamp":"2025-07-15T03:04:51.041Z"}
{"level":"info","message":"Retrieved 2 team members","timestamp":"2025-07-15T03:04:51.462Z"}
{"level":"info","message":"OPTIONS /api/auth/logout","timestamp":"2025-07-15T03:04:52.689Z"}
{"level":"info","message":"GET /api/auth/logout","timestamp":"2025-07-15T03:04:52.700Z"}
{"level":"info","message":"GET Request to /api/auth/logout from ::1","timestamp":"2025-07-15T03:04:52.704Z"}
{"level":"info","message":"OPTIONS /api/auth/login","timestamp":"2025-07-15T03:05:03.126Z"}
{"level":"info","message":"POST /api/auth/login","timestamp":"2025-07-15T03:05:03.132Z"}
{"level":"info","message":"POST Request to /api/auth/login from ::1","timestamp":"2025-07-15T03:05:03.142Z"}
{"level":"info","message":"OPTIONS /api/team-members","timestamp":"2025-07-15T03:05:03.654Z"}
{"level":"info","message":"GET /api/team-members","timestamp":"2025-07-15T03:05:03.658Z"}
{"level":"info","message":"GET Request to /api/team-members from ::1","timestamp":"2025-07-15T03:05:03.660Z"}
{"level":"info","message":"OPTIONS /api/medications","timestamp":"2025-07-15T03:05:03.662Z"}
{"level":"info","message":"OPTIONS /api/blog","timestamp":"2025-07-15T03:05:03.668Z"}
{"level":"info","message":"OPTIONS /api/bookings","timestamp":"2025-07-15T03:05:03.671Z"}
{"level":"info","message":"GET /api/medications","timestamp":"2025-07-15T03:05:03.672Z"}
{"level":"info","message":"GET Request to /api/medications from ::1","timestamp":"2025-07-15T03:05:03.676Z"}
{"level":"info","message":"GET /api/bookings","timestamp":"2025-07-15T03:05:03.687Z"}
{"level":"info","message":"GET /api/blog","timestamp":"2025-07-15T03:05:03.694Z"}
{"level":"info","message":"Retrieved 2 team members","timestamp":"2025-07-15T03:05:03.874Z"}
{"level":"info","message":"GET /api/team-members","timestamp":"2025-07-15T03:05:05.776Z"}
{"level":"info","message":"GET Request to /api/team-members from ::1","timestamp":"2025-07-15T03:05:05.777Z"}
{"level":"info","message":"Retrieved 2 team members","timestamp":"2025-07-15T03:05:05.943Z"}
{"level":"info","message":"OPTIONS /api/team-members","timestamp":"2025-07-15T03:05:16.567Z"}
{"level":"info","message":"OPTIONS /api/medications","timestamp":"2025-07-15T03:05:16.575Z"}
{"level":"info","message":"OPTIONS /api/blog","timestamp":"2025-07-15T03:05:16.576Z"}
{"level":"info","message":"OPTIONS /api/bookings","timestamp":"2025-07-15T03:05:16.577Z"}
{"level":"info","message":"GET /api/team-members","timestamp":"2025-07-15T03:05:16.589Z"}
{"level":"info","message":"GET Request to /api/team-members from ::1","timestamp":"2025-07-15T03:05:16.594Z"}
{"level":"info","message":"GET /api/bookings","timestamp":"2025-07-15T03:05:16.598Z"}
{"level":"info","message":"GET /api/medications","timestamp":"2025-07-15T03:05:16.603Z"}
{"level":"info","message":"GET Request to /api/medications from ::1","timestamp":"2025-07-15T03:05:16.606Z"}
{"level":"info","message":"GET /api/blog","timestamp":"2025-07-15T03:05:16.612Z"}
{"level":"info","message":"Retrieved 2 team members","timestamp":"2025-07-15T03:05:16.905Z"}
{"level":"info","message":"OPTIONS /api/blog","timestamp":"2025-07-15T03:05:22.913Z"}
{"level":"info","message":"GET /api/blog","timestamp":"2025-07-15T03:05:22.922Z"}
{"level":"info","message":"OPTIONS /api/blog","timestamp":"2025-07-15T03:15:54.942Z"}
{"level":"info","message":"POST /api/blog","timestamp":"2025-07-15T03:15:54.955Z"}
{"level":"info","message":"POST Request to /api/blog from ::1","timestamp":"2025-07-15T03:15:55.013Z"}
{"level":"info","message":"POST /api/blog","timestamp":"2025-07-15T03:15:59.602Z"}
{"level":"info","message":"POST Request to /api/blog from ::1","timestamp":"2025-07-15T03:15:59.637Z"}
{"level":"info","message":"OPTIONS /api/blog","timestamp":"2025-07-15T03:16:37.087Z"}
{"level":"info","message":"POST /api/blog","timestamp":"2025-07-15T03:16:37.121Z"}
{"level":"info","message":"POST Request to /api/blog from ::1","timestamp":"2025-07-15T03:16:37.144Z"}
{"level":"info","message":"Starting production services initialization...","timestamp":"2025-07-15T03:20:38.309Z"}
{"level":"info","message":"Starting scheduled cleanup...","timestamp":"2025-07-15T03:20:38.310Z"}
{"level":"info","message":"Cleanup service started with 60 minute interval","timestamp":"2025-07-15T03:20:38.312Z"}
{"level":"info","message":"Cleanup service initialized","timestamp":"2025-07-15T03:20:38.313Z"}
{"level":"info","message":"All production services initialized successfully","timestamp":"2025-07-15T03:20:38.315Z"}
{"level":"info","message":"Production services initialized successfully","timestamp":"2025-07-15T03:20:38.315Z"}
{"level":"info","message":"Cleaned up 0 expired sessions","timestamp":"2025-07-15T03:20:41.717Z"}
{"level":"info","message":"Cleanup completed: 0 sessions cleaned, 0 active sessions remaining","timestamp":"2025-07-15T03:20:43.855Z"}
{"level":"info","message":"OPTIONS /api/blog","timestamp":"2025-07-15T03:20:52.429Z"}
{"level":"info","message":"POST /api/blog","timestamp":"2025-07-15T03:20:52.447Z"}
{"level":"info","message":"POST Request to /api/blog from ::1","timestamp":"2025-07-15T03:20:52.478Z"}
{"level":"info","message":"Starting production services initialization...","timestamp":"2025-07-15T03:23:21.080Z"}
{"level":"info","message":"Starting scheduled cleanup...","timestamp":"2025-07-15T03:23:21.080Z"}
{"level":"info","message":"Cleanup service started with 60 minute interval","timestamp":"2025-07-15T03:23:21.082Z"}
{"level":"info","message":"Cleanup service initialized","timestamp":"2025-07-15T03:23:21.083Z"}
{"level":"info","message":"All production services initialized successfully","timestamp":"2025-07-15T03:23:21.086Z"}
{"level":"info","message":"Production services initialized successfully","timestamp":"2025-07-15T03:23:21.098Z"}
{"level":"info","message":"Cleaned up 0 expired sessions","timestamp":"2025-07-15T03:23:25.227Z"}
{"level":"info","message":"Cleanup completed: 0 sessions cleaned, 0 active sessions remaining","timestamp":"2025-07-15T03:23:27.350Z"}
{"level":"info","message":"OPTIONS /api/blog","timestamp":"2025-07-15T03:23:42.284Z"}
{"level":"info","message":"POST /api/blog","timestamp":"2025-07-15T03:23:42.298Z"}
{"level":"info","message":"POST Request to /api/blog from ::1","timestamp":"2025-07-15T03:23:42.340Z"}
{"level":"info","message":"Starting production services initialization...","timestamp":"2025-07-15T03:25:25.135Z"}
{"level":"info","message":"Starting scheduled cleanup...","timestamp":"2025-07-15T03:25:25.136Z"}
{"level":"info","message":"Cleanup service started with 60 minute interval","timestamp":"2025-07-15T03:25:25.138Z"}
{"level":"info","message":"Cleanup service initialized","timestamp":"2025-07-15T03:25:25.145Z"}
{"level":"info","message":"All production services initialized successfully","timestamp":"2025-07-15T03:25:25.150Z"}
{"level":"info","message":"Production services initialized successfully","timestamp":"2025-07-15T03:25:25.150Z"}
{"level":"info","message":"Cleaned up 0 expired sessions","timestamp":"2025-07-15T03:25:28.535Z"}
{"level":"info","message":"Cleanup completed: 0 sessions cleaned, 0 active sessions remaining","timestamp":"2025-07-15T03:25:30.674Z"}
{"level":"info","message":"OPTIONS /api/blog","timestamp":"2025-07-15T03:25:38.388Z"}
{"level":"info","message":"POST /api/blog","timestamp":"2025-07-15T03:25:38.403Z"}
{"level":"info","message":"POST Request to /api/blog from ::1","timestamp":"2025-07-15T03:25:38.443Z"}
{"level":"info","message":"Starting production services initialization...","timestamp":"2025-07-15T03:26:28.872Z"}
{"level":"info","message":"Starting scheduled cleanup...","timestamp":"2025-07-15T03:26:28.872Z"}
{"level":"info","message":"Cleanup service started with 60 minute interval","timestamp":"2025-07-15T03:26:28.875Z"}
{"level":"info","message":"Cleanup service initialized","timestamp":"2025-07-15T03:26:28.875Z"}
{"level":"info","message":"All production services initialized successfully","timestamp":"2025-07-15T03:26:28.878Z"}
{"level":"info","message":"Production services initialized successfully","timestamp":"2025-07-15T03:26:28.878Z"}
{"level":"info","message":"Cleaned up 0 expired sessions","timestamp":"2025-07-15T03:26:32.429Z"}
{"level":"info","message":"Cleanup completed: 0 sessions cleaned, 0 active sessions remaining","timestamp":"2025-07-15T03:26:34.672Z"}
{"level":"info","message":"OPTIONS /api/blog","timestamp":"2025-07-15T03:26:41.419Z"}
{"level":"info","message":"POST /api/blog","timestamp":"2025-07-15T03:26:41.437Z"}
{"level":"info","message":"POST Request to /api/blog from ::1","timestamp":"2025-07-15T03:26:41.469Z"}
{"level":"info","message":"Starting production services initialization...","timestamp":"2025-07-15T03:27:05.087Z"}
{"level":"info","message":"Starting scheduled cleanup...","timestamp":"2025-07-15T03:27:05.088Z"}
{"level":"info","message":"Cleanup service started with 60 minute interval","timestamp":"2025-07-15T03:27:05.090Z"}
{"level":"info","message":"Cleanup service initialized","timestamp":"2025-07-15T03:27:05.100Z"}
{"level":"info","message":"All production services initialized successfully","timestamp":"2025-07-15T03:27:05.103Z"}
{"level":"info","message":"Production services initialized successfully","timestamp":"2025-07-15T03:27:05.104Z"}
{"level":"info","message":"Cleaned up 0 expired sessions","timestamp":"2025-07-15T03:27:07.145Z"}
{"level":"info","message":"Cleanup completed: 0 sessions cleaned, 0 active sessions remaining","timestamp":"2025-07-15T03:27:09.424Z"}
{"level":"info","message":"OPTIONS /api/blog","timestamp":"2025-07-15T03:27:09.524Z"}
{"level":"info","message":"POST /api/blog","timestamp":"2025-07-15T03:27:09.540Z"}
{"level":"info","message":"POST Request to /api/blog from ::1","timestamp":"2025-07-15T03:27:09.578Z"}
{"level":"info","message":"Starting production services initialization...","timestamp":"2025-07-15T03:27:58.429Z"}
{"level":"info","message":"Starting scheduled cleanup...","timestamp":"2025-07-15T03:27:58.430Z"}
{"level":"info","message":"Cleanup service started with 60 minute interval","timestamp":"2025-07-15T03:27:58.434Z"}
{"level":"info","message":"Cleanup service initialized","timestamp":"2025-07-15T03:27:58.435Z"}
{"level":"info","message":"All production services initialized successfully","timestamp":"2025-07-15T03:27:58.438Z"}
{"level":"info","message":"Production services initialized successfully","timestamp":"2025-07-15T03:27:58.439Z"}
{"level":"info","message":"Cleaned up 0 expired sessions","timestamp":"2025-07-15T03:28:02.652Z"}
{"level":"info","message":"Cleanup completed: 0 sessions cleaned, 0 active sessions remaining","timestamp":"2025-07-15T03:28:04.825Z"}
{"level":"info","message":"Starting production services initialization...","timestamp":"2025-07-15T03:29:08.908Z"}
{"level":"info","message":"Starting scheduled cleanup...","timestamp":"2025-07-15T03:29:08.909Z"}
{"level":"info","message":"Cleanup service started with 60 minute interval","timestamp":"2025-07-15T03:29:08.911Z"}
{"level":"info","message":"Cleanup service initialized","timestamp":"2025-07-15T03:29:08.912Z"}
{"level":"info","message":"All production services initialized successfully","timestamp":"2025-07-15T03:29:08.914Z"}
{"level":"info","message":"Production services initialized successfully","timestamp":"2025-07-15T03:29:08.914Z"}
{"level":"info","message":"Cleaned up 0 expired sessions","timestamp":"2025-07-15T03:29:12.069Z"}
{"level":"info","message":"OPTIONS /api/blog","timestamp":"2025-07-15T03:29:13.013Z"}
{"level":"info","message":"POST /api/blog","timestamp":"2025-07-15T03:29:13.030Z"}
{"level":"info","message":"POST Request to /api/blog from ::1","timestamp":"2025-07-15T03:29:13.052Z"}
{"level":"info","message":"Cleanup completed: 0 sessions cleaned, 0 active sessions remaining","timestamp":"2025-07-15T03:29:14.182Z"}
{"level":"info","message":"Starting production services initialization...","timestamp":"2025-07-15T03:29:44.103Z"}
{"level":"info","message":"Starting scheduled cleanup...","timestamp":"2025-07-15T03:29:44.104Z"}
{"level":"info","message":"Cleanup service started with 60 minute interval","timestamp":"2025-07-15T03:29:44.108Z"}
{"level":"info","message":"Cleanup service initialized","timestamp":"2025-07-15T03:29:44.108Z"}
{"level":"info","message":"All production services initialized successfully","timestamp":"2025-07-15T03:29:44.112Z"}
{"level":"info","message":"Production services initialized successfully","timestamp":"2025-07-15T03:29:44.112Z"}
{"level":"info","message":"Cleaned up 0 expired sessions","timestamp":"2025-07-15T03:29:46.276Z"}
{"level":"info","message":"Cleanup completed: 0 sessions cleaned, 0 active sessions remaining","timestamp":"2025-07-15T03:29:48.367Z"}
{"level":"info","message":"Starting production services initialization...","timestamp":"2025-07-15T03:31:15.796Z"}
{"level":"info","message":"Starting scheduled cleanup...","timestamp":"2025-07-15T03:31:15.796Z"}
{"level":"info","message":"Cleanup service started with 60 minute interval","timestamp":"2025-07-15T03:31:15.799Z"}
{"level":"info","message":"Cleanup service initialized","timestamp":"2025-07-15T03:31:15.799Z"}
{"level":"info","message":"All production services initialized successfully","timestamp":"2025-07-15T03:31:15.802Z"}
{"level":"info","message":"Production services initialized successfully","timestamp":"2025-07-15T03:31:15.802Z"}
{"level":"info","message":"Cleaned up 0 expired sessions","timestamp":"2025-07-15T03:31:20.716Z"}
{"level":"info","message":"Cleanup completed: 0 sessions cleaned, 0 active sessions remaining","timestamp":"2025-07-15T03:31:22.133Z"}
{"level":"info","message":"OPTIONS /api/blog","timestamp":"2025-07-15T03:33:18.964Z"}
{"level":"info","message":"GET /api/blog","timestamp":"2025-07-15T03:33:18.981Z"}
{"level":"info","message":"OPTIONS /api/blog","timestamp":"2025-07-15T03:34:02.364Z"}
{"level":"info","message":"GET /api/blog","timestamp":"2025-07-15T03:34:02.386Z"}
{"level":"info","message":"OPTIONS /api/blog","timestamp":"2025-07-15T03:35:04.805Z"}
{"level":"info","message":"GET /api/blog","timestamp":"2025-07-15T03:35:04.821Z"}
{"level":"info","message":"OPTIONS /api/blog/6875cb0989701731f3f849e3","timestamp":"2025-07-15T03:42:18.009Z"}
{"level":"info","message":"GET /api/blog/6875cb0989701731f3f849e3","timestamp":"2025-07-15T03:42:18.016Z"}
{"level":"info","message":"OPTIONS /api/blog","timestamp":"2025-07-15T03:43:53.870Z"}
{"level":"info","message":"GET /api/blog","timestamp":"2025-07-15T03:43:53.898Z"}
{"level":"info","message":"OPTIONS /api/blog","timestamp":"2025-07-15T03:48:49.966Z"}
{"level":"info","message":"GET /api/blog","timestamp":"2025-07-15T03:48:49.992Z"}
{"level":"info","message":"OPTIONS /api/blog","timestamp":"2025-07-15T03:49:04.319Z"}
{"level":"info","message":"GET /api/blog","timestamp":"2025-07-15T03:49:04.328Z"}
{"level":"info","message":"OPTIONS /api/team-members","timestamp":"2025-07-15T03:50:00.485Z"}
{"level":"info","message":"OPTIONS /api/medications","timestamp":"2025-07-15T03:50:00.497Z"}
{"level":"info","message":"OPTIONS /api/blog","timestamp":"2025-07-15T03:50:00.507Z"}
{"level":"info","message":"OPTIONS /api/bookings","timestamp":"2025-07-15T03:50:00.510Z"}
{"level":"info","message":"GET /api/blog","timestamp":"2025-07-15T03:50:00.530Z"}
{"level":"info","message":"GET /api/team-members","timestamp":"2025-07-15T03:50:00.532Z"}
{"level":"info","message":"GET Request to /api/team-members from ::1","timestamp":"2025-07-15T03:50:00.534Z"}
{"level":"info","message":"GET /api/medications","timestamp":"2025-07-15T03:50:00.538Z"}
{"level":"info","message":"GET Request to /api/medications from ::1","timestamp":"2025-07-15T03:50:00.538Z"}
{"level":"info","message":"GET /api/bookings","timestamp":"2025-07-15T03:50:00.541Z"}
{"level":"info","message":"Retrieved 2 team members","timestamp":"2025-07-15T03:50:00.692Z"}
{"level":"info","message":"GET /api/blog","timestamp":"2025-07-15T03:50:05.419Z"}
{"level":"info","message":"OPTIONS /api/blog/6875cb0989701731f3f849e3","timestamp":"2025-07-15T03:50:29.900Z"}
{"level":"info","message":"PUT /api/blog/6875cb0989701731f3f849e3","timestamp":"2025-07-15T03:50:29.912Z"}
{"level":"info","message":"PUT Request to /api/blog/6875cb0989701731f3f849e3 from ::1","timestamp":"2025-07-15T03:50:29.963Z"}
{"level":"info","message":"OPTIONS /api/blog/6875cb0989701731f3f849e3","timestamp":"2025-07-15T03:50:43.913Z"}
{"level":"info","message":"PUT /api/blog/6875cb0989701731f3f849e3","timestamp":"2025-07-15T03:50:43.918Z"}
{"level":"info","message":"PUT Request to /api/blog/6875cb0989701731f3f849e3 from ::1","timestamp":"2025-07-15T03:50:43.947Z"}
{"level":"info","message":"Starting production services initialization...","timestamp":"2025-07-15T03:55:29.834Z"}
{"level":"info","message":"Starting scheduled cleanup...","timestamp":"2025-07-15T03:55:29.836Z"}
{"level":"info","message":"Cleanup service started with 60 minute interval","timestamp":"2025-07-15T03:55:29.838Z"}
{"level":"info","message":"Cleanup service initialized","timestamp":"2025-07-15T03:55:29.839Z"}
{"level":"info","message":"All production services initialized successfully","timestamp":"2025-07-15T03:55:29.841Z"}
{"level":"info","message":"Production services initialized successfully","timestamp":"2025-07-15T03:55:29.841Z"}
{"level":"info","message":"Cleaned up 0 expired sessions","timestamp":"2025-07-15T03:55:33.515Z"}
{"level":"info","message":"Cleanup completed: 0 sessions cleaned, 0 active sessions remaining","timestamp":"2025-07-15T03:55:35.684Z"}
{"level":"info","message":"Starting production services initialization...","timestamp":"2025-07-15T03:56:22.563Z"}
{"level":"info","message":"Starting scheduled cleanup...","timestamp":"2025-07-15T03:56:22.564Z"}
{"level":"info","message":"Cleanup service started with 60 minute interval","timestamp":"2025-07-15T03:56:22.566Z"}
{"level":"info","message":"Cleanup service initialized","timestamp":"2025-07-15T03:56:22.566Z"}
{"level":"info","message":"All production services initialized successfully","timestamp":"2025-07-15T03:56:22.570Z"}
{"level":"info","message":"Production services initialized successfully","timestamp":"2025-07-15T03:56:22.570Z"}
{"level":"info","message":"Cleaned up 0 expired sessions","timestamp":"2025-07-15T03:56:24.387Z"}
{"level":"info","message":"Cleanup completed: 0 sessions cleaned, 0 active sessions remaining","timestamp":"2025-07-15T03:56:26.605Z"}
{"level":"info","message":"Starting production services initialization...","timestamp":"2025-07-15T03:57:02.749Z"}
{"level":"info","message":"Starting scheduled cleanup...","timestamp":"2025-07-15T03:57:02.750Z"}
{"level":"info","message":"Cleanup service started with 60 minute interval","timestamp":"2025-07-15T03:57:02.752Z"}
{"level":"info","message":"Cleanup service initialized","timestamp":"2025-07-15T03:57:02.752Z"}
{"level":"info","message":"All production services initialized successfully","timestamp":"2025-07-15T03:57:02.755Z"}
{"level":"info","message":"Production services initialized successfully","timestamp":"2025-07-15T03:57:02.756Z"}
{"level":"info","message":"Cleaned up 0 expired sessions","timestamp":"2025-07-15T03:57:05.001Z"}
{"level":"info","message":"Cleanup completed: 0 sessions cleaned, 0 active sessions remaining","timestamp":"2025-07-15T03:57:07.205Z"}
{"level":"info","message":"Starting production services initialization...","timestamp":"2025-07-15T03:57:58.293Z"}
{"level":"info","message":"Starting scheduled cleanup...","timestamp":"2025-07-15T03:57:58.294Z"}
{"level":"info","message":"Cleanup service started with 60 minute interval","timestamp":"2025-07-15T03:57:58.297Z"}
{"level":"info","message":"Cleanup service initialized","timestamp":"2025-07-15T03:57:58.298Z"}
{"level":"info","message":"All production services initialized successfully","timestamp":"2025-07-15T03:57:58.302Z"}
{"level":"info","message":"Production services initialized successfully","timestamp":"2025-07-15T03:57:58.313Z"}
{"level":"info","message":"Cleaned up 0 expired sessions","timestamp":"2025-07-15T03:58:01.425Z"}
{"level":"info","message":"Cleanup completed: 0 sessions cleaned, 0 active sessions remaining","timestamp":"2025-07-15T03:58:03.567Z"}
{"level":"info","message":"Starting production services initialization...","timestamp":"2025-07-15T03:58:10.612Z"}
{"level":"info","message":"Starting scheduled cleanup...","timestamp":"2025-07-15T03:58:10.613Z"}
{"level":"info","message":"Cleanup service started with 60 minute interval","timestamp":"2025-07-15T03:58:10.614Z"}
{"level":"info","message":"Cleanup service initialized","timestamp":"2025-07-15T03:58:10.615Z"}
{"level":"info","message":"All production services initialized successfully","timestamp":"2025-07-15T03:58:10.618Z"}
{"level":"info","message":"Production services initialized successfully","timestamp":"2025-07-15T03:58:10.618Z"}
{"level":"info","message":"Cleaned up 0 expired sessions","timestamp":"2025-07-15T03:58:12.707Z"}
{"level":"info","message":"Cleanup completed: 0 sessions cleaned, 0 active sessions remaining","timestamp":"2025-07-15T03:58:14.837Z"}
{"level":"info","message":"OPTIONS /api/blog/6875cb0989701731f3f849e3","timestamp":"2025-07-15T03:58:32.246Z"}
{"level":"info","message":"PUT /api/blog/6875cb0989701731f3f849e3","timestamp":"2025-07-15T03:58:32.252Z"}
{"level":"info","message":"PUT Request to /api/blog/6875cb0989701731f3f849e3 from ::1","timestamp":"2025-07-15T03:58:32.277Z"}
{"level":"info","message":"OPTIONS /api/blog","timestamp":"2025-07-15T03:58:44.896Z"}
{"level":"info","message":"GET /api/blog","timestamp":"2025-07-15T03:58:44.920Z"}
{"level":"info","message":"OPTIONS /api/team-members","timestamp":"2025-07-15T03:59:41.269Z"}
{"level":"info","message":"OPTIONS /api/medications","timestamp":"2025-07-15T03:59:41.294Z"}
{"level":"info","message":"OPTIONS /api/blog","timestamp":"2025-07-15T03:59:41.295Z"}
{"level":"info","message":"OPTIONS /api/bookings","timestamp":"2025-07-15T03:59:41.298Z"}
{"level":"info","message":"GET /api/team-members","timestamp":"2025-07-15T03:59:41.303Z"}
{"level":"info","message":"GET Request to /api/team-members from ::1","timestamp":"2025-07-15T03:59:41.304Z"}
{"level":"info","message":"GET /api/bookings","timestamp":"2025-07-15T03:59:41.317Z"}
{"level":"info","message":"GET /api/medications","timestamp":"2025-07-15T03:59:41.322Z"}
{"level":"info","message":"GET Request to /api/medications from ::1","timestamp":"2025-07-15T03:59:41.326Z"}
{"level":"info","message":"GET /api/blog","timestamp":"2025-07-15T03:59:41.328Z"}
{"level":"info","message":"Retrieved 2 team members","timestamp":"2025-07-15T03:59:41.463Z"}
{"level":"info","message":"OPTIONS /api/auth/logout","timestamp":"2025-07-15T03:59:42.655Z"}
{"level":"info","message":"GET /api/auth/logout","timestamp":"2025-07-15T03:59:42.668Z"}
{"level":"info","message":"GET Request to /api/auth/logout from ::1","timestamp":"2025-07-15T03:59:42.669Z"}
{"level":"info","message":"OPTIONS /api/auth/login","timestamp":"2025-07-15T03:59:55.766Z"}
{"level":"info","message":"POST /api/auth/login","timestamp":"2025-07-15T03:59:55.772Z"}
{"level":"info","message":"POST Request to /api/auth/login from ::1","timestamp":"2025-07-15T03:59:56.055Z"}
{"level":"info","message":"OPTIONS /api/team-members","timestamp":"2025-07-15T03:59:56.487Z"}
{"level":"info","message":"OPTIONS /api/medications","timestamp":"2025-07-15T03:59:56.503Z"}
{"level":"info","message":"OPTIONS /api/blog","timestamp":"2025-07-15T03:59:56.510Z"}
{"level":"info","message":"OPTIONS /api/bookings","timestamp":"2025-07-15T03:59:56.522Z"}
{"level":"info","message":"GET /api/team-members","timestamp":"2025-07-15T03:59:56.539Z"}
{"level":"info","message":"GET Request to /api/team-members from ::1","timestamp":"2025-07-15T03:59:56.540Z"}
{"level":"info","message":"GET /api/medications","timestamp":"2025-07-15T03:59:56.570Z"}
{"level":"info","message":"GET Request to /api/medications from ::1","timestamp":"2025-07-15T03:59:56.572Z"}
{"level":"info","message":"GET /api/bookings","timestamp":"2025-07-15T03:59:56.590Z"}
{"level":"info","message":"GET /api/blog","timestamp":"2025-07-15T03:59:56.613Z"}
{"level":"info","message":"Retrieved 2 team members","timestamp":"2025-07-15T03:59:56.714Z"}
{"level":"info","message":"GET /api/blog","timestamp":"2025-07-15T03:59:58.554Z"}
{"level":"info","message":"OPTIONS /api/blog","timestamp":"2025-07-15T04:00:06.907Z"}
{"level":"info","message":"GET /api/blog","timestamp":"2025-07-15T04:00:06.917Z"}
{"level":"info","message":"OPTIONS /api/blog","timestamp":"2025-07-15T04:00:22.871Z"}
{"level":"info","message":"GET /api/blog","timestamp":"2025-07-15T04:00:22.877Z"}
{"level":"info","message":"OPTIONS /api/blog","timestamp":"2025-07-15T04:00:44.985Z"}
{"level":"info","message":"GET /api/blog","timestamp":"2025-07-15T04:00:44.993Z"}
{"level":"info","message":"OPTIONS /api/team-members","timestamp":"2025-07-15T04:00:53.795Z"}
{"level":"info","message":"OPTIONS /api/medications","timestamp":"2025-07-15T04:00:53.804Z"}
{"level":"info","message":"OPTIONS /api/blog","timestamp":"2025-07-15T04:00:53.808Z"}
{"level":"info","message":"OPTIONS /api/bookings","timestamp":"2025-07-15T04:00:53.809Z"}
{"level":"info","message":"GET /api/team-members","timestamp":"2025-07-15T04:00:53.814Z"}
{"level":"info","message":"GET Request to /api/team-members from ::1","timestamp":"2025-07-15T04:00:53.815Z"}
{"level":"info","message":"GET /api/medications","timestamp":"2025-07-15T04:00:53.818Z"}
{"level":"info","message":"GET Request to /api/medications from ::1","timestamp":"2025-07-15T04:00:53.818Z"}
{"level":"info","message":"GET /api/bookings","timestamp":"2025-07-15T04:00:53.821Z"}
{"level":"info","message":"GET /api/blog","timestamp":"2025-07-15T04:00:53.823Z"}
{"level":"info","message":"Retrieved 2 team members","timestamp":"2025-07-15T04:00:54.052Z"}
{"level":"info","message":"OPTIONS /api/team-members","timestamp":"2025-07-15T04:01:04.546Z"}
{"level":"info","message":"OPTIONS /api/medications","timestamp":"2025-07-15T04:01:04.551Z"}
{"level":"info","message":"OPTIONS /api/blog","timestamp":"2025-07-15T04:01:04.552Z"}
{"level":"info","message":"OPTIONS /api/bookings","timestamp":"2025-07-15T04:01:04.555Z"}
{"level":"info","message":"GET /api/team-members","timestamp":"2025-07-15T04:01:04.556Z"}
{"level":"info","message":"GET Request to /api/team-members from ::1","timestamp":"2025-07-15T04:01:04.557Z"}
{"level":"info","message":"GET /api/bookings","timestamp":"2025-07-15T04:01:04.564Z"}
{"level":"info","message":"GET /api/medications","timestamp":"2025-07-15T04:01:04.565Z"}
{"level":"info","message":"GET Request to /api/medications from ::1","timestamp":"2025-07-15T04:01:04.566Z"}
{"level":"info","message":"GET /api/blog","timestamp":"2025-07-15T04:01:04.569Z"}
{"level":"info","message":"Retrieved 2 team members","timestamp":"2025-07-15T04:01:04.767Z"}
{"level":"info","message":"OPTIONS /api/medications","timestamp":"2025-07-15T04:01:12.450Z"}
{"level":"info","message":"GET /api/medications","timestamp":"2025-07-15T04:01:12.467Z"}
{"level":"info","message":"GET Request to /api/medications from ::1","timestamp":"2025-07-15T04:01:12.470Z"}
{"level":"info","message":"Starting production services initialization...","timestamp":"2025-07-15T04:02:57.667Z"}
{"level":"info","message":"Starting scheduled cleanup...","timestamp":"2025-07-15T04:02:57.668Z"}
{"level":"info","message":"Cleanup service started with 60 minute interval","timestamp":"2025-07-15T04:02:57.670Z"}
{"level":"info","message":"Cleanup service initialized","timestamp":"2025-07-15T04:02:57.670Z"}
{"level":"info","message":"All production services initialized successfully","timestamp":"2025-07-15T04:02:57.673Z"}
{"level":"info","message":"Production services initialized successfully","timestamp":"2025-07-15T04:02:57.673Z"}
{"level":"info","message":"Cleaned up 0 expired sessions","timestamp":"2025-07-15T04:03:00.693Z"}
{"level":"info","message":"Cleanup completed: 0 sessions cleaned, 0 active sessions remaining","timestamp":"2025-07-15T04:03:02.832Z"}
{"level":"info","message":"Starting production services initialization...","timestamp":"2025-07-15T04:03:33.246Z"}
{"level":"info","message":"Starting scheduled cleanup...","timestamp":"2025-07-15T04:03:33.247Z"}
{"level":"info","message":"Cleanup service started with 60 minute interval","timestamp":"2025-07-15T04:03:33.249Z"}
{"level":"info","message":"Cleanup service initialized","timestamp":"2025-07-15T04:03:33.249Z"}
{"level":"info","message":"All production services initialized successfully","timestamp":"2025-07-15T04:03:33.252Z"}
{"level":"info","message":"Production services initialized successfully","timestamp":"2025-07-15T04:03:33.252Z"}
{"level":"info","message":"Cleaned up 0 expired sessions","timestamp":"2025-07-15T04:03:35.129Z"}
{"level":"info","message":"Cleanup completed: 0 sessions cleaned, 0 active sessions remaining","timestamp":"2025-07-15T04:03:37.338Z"}
{"level":"info","message":"OPTIONS /api/team-members","timestamp":"2025-07-15T04:09:11.263Z"}
{"level":"info","message":"GET /api/team-members","timestamp":"2025-07-15T04:09:11.302Z"}
{"level":"info","message":"GET Request to /api/team-members from ::1","timestamp":"2025-07-15T04:09:11.316Z"}
{"level":"info","message":"Retrieved 2 team members","timestamp":"2025-07-15T04:09:11.491Z"}
