{"level":"info","message":"Starting production services initialization...","timestamp":"2025-07-13T10:00:11.138Z"}
{"level":"info","message":"Starting scheduled cleanup...","timestamp":"2025-07-13T10:00:11.140Z"}
{"level":"info","message":"Cleanup service started with 60 minute interval","timestamp":"2025-07-13T10:00:11.142Z"}
{"level":"info","message":"Cleanup service initialized","timestamp":"2025-07-13T10:00:11.142Z"}
{"level":"info","message":"All production services initialized successfully","timestamp":"2025-07-13T10:00:11.146Z"}
{"level":"info","message":"Production services initialized successfully","timestamp":"2025-07-13T10:00:11.147Z"}
{"level":"info","message":"Starting production services initialization...","timestamp":"2025-07-13T10:00:25.814Z"}
{"level":"info","message":"Starting scheduled cleanup...","timestamp":"2025-07-13T10:00:25.815Z"}
{"level":"info","message":"Cleanup service started with 60 minute interval","timestamp":"2025-07-13T10:00:25.817Z"}
{"level":"info","message":"Cleanup service initialized","timestamp":"2025-07-13T10:00:25.825Z"}
{"level":"info","message":"All production services initialized successfully","timestamp":"2025-07-13T10:00:25.828Z"}
{"level":"info","message":"Production services initialized successfully","timestamp":"2025-07-13T10:00:25.829Z"}
{"level":"info","message":"Starting production services initialization...","timestamp":"2025-07-13T10:00:31.732Z"}
{"level":"info","message":"Starting scheduled cleanup...","timestamp":"2025-07-13T10:00:31.733Z"}
{"level":"info","message":"Cleanup service started with 60 minute interval","timestamp":"2025-07-13T10:00:31.735Z"}
{"level":"info","message":"Cleanup service initialized","timestamp":"2025-07-13T10:00:31.736Z"}
{"level":"info","message":"All production services initialized successfully","timestamp":"2025-07-13T10:00:31.739Z"}
{"level":"info","message":"Production services initialized successfully","timestamp":"2025-07-13T10:00:31.740Z"}
{"level":"info","message":"OPTIONS /api/bookings/slots","timestamp":"2025-07-13T10:01:32.200Z"}
{"level":"info","message":"GET /api/bookings/slots","timestamp":"2025-07-13T10:01:32.216Z"}
{"level":"info","message":"GET Request to /api/bookings/slots from ::1","timestamp":"2025-07-13T10:01:32.221Z"}
{"level":"info","message":"Starting production services initialization...","timestamp":"2025-07-13T10:10:33.034Z"}
{"level":"info","message":"Starting scheduled cleanup...","timestamp":"2025-07-13T10:10:33.035Z"}
{"level":"info","message":"Cleanup service started with 60 minute interval","timestamp":"2025-07-13T10:10:33.037Z"}
{"level":"info","message":"Cleanup service initialized","timestamp":"2025-07-13T10:10:33.038Z"}
{"level":"info","message":"All production services initialized successfully","timestamp":"2025-07-13T10:10:33.041Z"}
{"level":"info","message":"Production services initialized successfully","timestamp":"2025-07-13T10:10:33.041Z"}
{"level":"info","message":"Starting production services initialization...","timestamp":"2025-07-13T10:10:55.135Z"}
{"level":"info","message":"Starting scheduled cleanup...","timestamp":"2025-07-13T10:10:55.136Z"}
{"level":"info","message":"Cleanup service started with 60 minute interval","timestamp":"2025-07-13T10:10:55.138Z"}
{"level":"info","message":"Cleanup service initialized","timestamp":"2025-07-13T10:10:55.139Z"}
{"level":"info","message":"All production services initialized successfully","timestamp":"2025-07-13T10:10:55.142Z"}
{"level":"info","message":"Production services initialized successfully","timestamp":"2025-07-13T10:10:55.142Z"}
{"level":"info","message":"Cleaned up 0 expired sessions","timestamp":"2025-07-13T10:10:59.035Z"}
{"level":"info","message":"Cleanup completed: 0 sessions cleaned, 0 active sessions remaining","timestamp":"2025-07-13T10:11:01.310Z"}
{"level":"info","message":"OPTIONS /api/bookings/slots","timestamp":"2025-07-13T10:12:04.328Z"}
{"level":"info","message":"GET /api/bookings/slots","timestamp":"2025-07-13T10:12:04.350Z"}
{"level":"info","message":"GET Request to /api/bookings/slots from ::1","timestamp":"2025-07-13T10:12:04.354Z"}
{"level":"info","message":"Starting production services initialization...","timestamp":"2025-07-13T10:12:52.245Z"}
{"level":"info","message":"Starting scheduled cleanup...","timestamp":"2025-07-13T10:12:52.246Z"}
{"level":"info","message":"Cleanup service started with 60 minute interval","timestamp":"2025-07-13T10:12:52.248Z"}
{"level":"info","message":"Cleanup service initialized","timestamp":"2025-07-13T10:12:52.249Z"}
{"level":"info","message":"All production services initialized successfully","timestamp":"2025-07-13T10:12:52.252Z"}
{"level":"info","message":"Production services initialized successfully","timestamp":"2025-07-13T10:12:52.252Z"}
{"level":"info","message":"Starting production services initialization...","timestamp":"2025-07-13T10:13:00.926Z"}
{"level":"info","message":"Starting scheduled cleanup...","timestamp":"2025-07-13T10:13:00.927Z"}
{"level":"info","message":"Cleanup service started with 60 minute interval","timestamp":"2025-07-13T10:13:00.929Z"}
{"level":"info","message":"Cleanup service initialized","timestamp":"2025-07-13T10:13:00.930Z"}
{"level":"info","message":"All production services initialized successfully","timestamp":"2025-07-13T10:13:00.934Z"}
{"level":"info","message":"Production services initialized successfully","timestamp":"2025-07-13T10:13:00.934Z"}
{"level":"info","message":"Cleaned up 0 expired sessions","timestamp":"2025-07-13T10:13:03.801Z"}
{"level":"info","message":"Cleanup completed: 0 sessions cleaned, 0 active sessions remaining","timestamp":"2025-07-13T10:13:06.687Z"}
{"level":"info","message":"OPTIONS /api/bookings/slots","timestamp":"2025-07-13T10:13:12.406Z"}
{"level":"info","message":"GET /api/bookings/slots","timestamp":"2025-07-13T10:13:12.419Z"}
{"level":"info","message":"GET Request to /api/bookings/slots from ::1","timestamp":"2025-07-13T10:13:12.423Z"}
{"level":"info","message":"Starting production services initialization...","timestamp":"2025-07-13T10:14:31.912Z"}
{"level":"info","message":"Starting scheduled cleanup...","timestamp":"2025-07-13T10:14:31.913Z"}
{"level":"info","message":"Cleanup service started with 60 minute interval","timestamp":"2025-07-13T10:14:31.915Z"}
{"level":"info","message":"Cleanup service initialized","timestamp":"2025-07-13T10:14:31.916Z"}
{"level":"info","message":"All production services initialized successfully","timestamp":"2025-07-13T10:14:31.919Z"}
{"level":"info","message":"Production services initialized successfully","timestamp":"2025-07-13T10:14:31.919Z"}
{"level":"info","message":"Starting production services initialization...","timestamp":"2025-07-13T10:14:39.267Z"}
{"level":"info","message":"Starting scheduled cleanup...","timestamp":"2025-07-13T10:14:39.269Z"}
{"level":"info","message":"Cleanup service started with 60 minute interval","timestamp":"2025-07-13T10:14:39.271Z"}
{"level":"info","message":"Cleanup service initialized","timestamp":"2025-07-13T10:14:39.271Z"}
{"level":"info","message":"All production services initialized successfully","timestamp":"2025-07-13T10:14:39.274Z"}
{"level":"info","message":"Production services initialized successfully","timestamp":"2025-07-13T10:14:39.275Z"}
{"level":"info","message":"Cleaned up 0 expired sessions","timestamp":"2025-07-13T10:14:47.134Z"}
{"level":"info","message":"Cleanup completed: 0 sessions cleaned, 0 active sessions remaining","timestamp":"2025-07-13T10:14:49.352Z"}
{"level":"info","message":"OPTIONS /api/bookings/slots","timestamp":"2025-07-13T10:14:55.547Z"}
{"level":"info","message":"GET /api/bookings/slots","timestamp":"2025-07-13T10:14:55.567Z"}
{"level":"info","message":"GET Request to /api/bookings/slots from ::1","timestamp":"2025-07-13T10:14:55.573Z"}
{"level":"info","message":"Starting production services initialization...","timestamp":"2025-07-13T10:17:02.021Z"}
{"level":"info","message":"Starting scheduled cleanup...","timestamp":"2025-07-13T10:17:02.022Z"}
{"level":"info","message":"Cleanup service started with 60 minute interval","timestamp":"2025-07-13T10:17:02.024Z"}
{"level":"info","message":"Cleanup service initialized","timestamp":"2025-07-13T10:17:02.025Z"}
{"level":"info","message":"All production services initialized successfully","timestamp":"2025-07-13T10:17:02.029Z"}
{"level":"info","message":"Production services initialized successfully","timestamp":"2025-07-13T10:17:02.040Z"}
{"level":"info","message":"Starting production services initialization...","timestamp":"2025-07-13T10:17:26.800Z"}
{"level":"info","message":"Starting scheduled cleanup...","timestamp":"2025-07-13T10:17:26.801Z"}
{"level":"info","message":"Cleanup service started with 60 minute interval","timestamp":"2025-07-13T10:17:26.804Z"}
{"level":"info","message":"Cleanup service initialized","timestamp":"2025-07-13T10:17:26.805Z"}
{"level":"info","message":"All production services initialized successfully","timestamp":"2025-07-13T10:17:26.809Z"}
{"level":"info","message":"Production services initialized successfully","timestamp":"2025-07-13T10:17:26.809Z"}
{"level":"info","message":"Cleaned up 0 expired sessions","timestamp":"2025-07-13T10:17:29.214Z"}
{"level":"info","message":"Cleanup completed: 0 sessions cleaned, 0 active sessions remaining","timestamp":"2025-07-13T10:17:31.588Z"}
{"level":"info","message":"Starting production services initialization...","timestamp":"2025-07-13T10:24:03.316Z"}
{"level":"info","message":"Starting scheduled cleanup...","timestamp":"2025-07-13T10:24:03.318Z"}
{"level":"info","message":"Cleanup service started with 60 minute interval","timestamp":"2025-07-13T10:24:03.321Z"}
{"level":"info","message":"Cleanup service initialized","timestamp":"2025-07-13T10:24:03.322Z"}
{"level":"info","message":"All production services initialized successfully","timestamp":"2025-07-13T10:24:03.326Z"}
{"level":"info","message":"Production services initialized successfully","timestamp":"2025-07-13T10:24:03.327Z"}
{"level":"info","message":"Cleaned up 0 expired sessions","timestamp":"2025-07-13T10:24:06.876Z"}
{"level":"info","message":"Cleanup completed: 0 sessions cleaned, 0 active sessions remaining","timestamp":"2025-07-13T10:24:09.084Z"}
{"level":"info","message":"Starting production services initialization...","timestamp":"2025-07-13T10:24:38.198Z"}
{"level":"info","message":"Starting scheduled cleanup...","timestamp":"2025-07-13T10:24:38.199Z"}
{"level":"info","message":"Cleanup service started with 60 minute interval","timestamp":"2025-07-13T10:24:38.201Z"}
{"level":"info","message":"Cleanup service initialized","timestamp":"2025-07-13T10:24:38.202Z"}
{"level":"info","message":"All production services initialized successfully","timestamp":"2025-07-13T10:24:38.205Z"}
{"level":"info","message":"Production services initialized successfully","timestamp":"2025-07-13T10:24:38.206Z"}
{"level":"info","message":"Cleaned up 0 expired sessions","timestamp":"2025-07-13T10:24:40.113Z"}
{"level":"info","message":"Cleanup completed: 0 sessions cleaned, 0 active sessions remaining","timestamp":"2025-07-13T10:24:42.485Z"}
{"level":"info","message":"Starting production services initialization...","timestamp":"2025-07-13T10:27:52.498Z"}
{"level":"info","message":"Starting scheduled cleanup...","timestamp":"2025-07-13T10:27:52.501Z"}
{"level":"info","message":"Cleanup service started with 60 minute interval","timestamp":"2025-07-13T10:27:52.505Z"}
{"level":"info","message":"Cleanup service initialized","timestamp":"2025-07-13T10:27:52.506Z"}
{"level":"info","message":"All production services initialized successfully","timestamp":"2025-07-13T10:27:52.511Z"}
{"level":"info","message":"Production services initialized successfully","timestamp":"2025-07-13T10:27:52.511Z"}
{"level":"info","message":"Cleaned up 0 expired sessions","timestamp":"2025-07-13T10:27:55.031Z"}
{"level":"info","message":"Cleanup completed: 0 sessions cleaned, 0 active sessions remaining","timestamp":"2025-07-13T10:27:57.362Z"}
{"level":"info","message":"OPTIONS /api/bookings/slots","timestamp":"2025-07-13T10:28:04.679Z"}
{"level":"info","message":"GET /api/bookings/slots","timestamp":"2025-07-13T10:28:04.695Z"}
{"level":"info","message":"GET Request to /api/bookings/slots from ::1","timestamp":"2025-07-13T10:28:04.704Z"}
{"level":"info","message":"Starting production services initialization...","timestamp":"2025-07-13T10:28:34.988Z"}
{"level":"info","message":"Starting scheduled cleanup...","timestamp":"2025-07-13T10:28:34.989Z"}
{"level":"info","message":"Cleanup service started with 60 minute interval","timestamp":"2025-07-13T10:28:34.991Z"}
{"level":"info","message":"Cleanup service initialized","timestamp":"2025-07-13T10:28:34.991Z"}
{"level":"info","message":"All production services initialized successfully","timestamp":"2025-07-13T10:28:34.995Z"}
{"level":"info","message":"Production services initialized successfully","timestamp":"2025-07-13T10:28:34.995Z"}
{"level":"info","message":"Cleaned up 0 expired sessions","timestamp":"2025-07-13T10:28:36.841Z"}
{"level":"info","message":"Cleanup completed: 0 sessions cleaned, 0 active sessions remaining","timestamp":"2025-07-13T10:28:39.393Z"}
{"level":"info","message":"OPTIONS /api/bookings/slots","timestamp":"2025-07-13T10:28:44.637Z"}
{"level":"info","message":"GET /api/bookings/slots","timestamp":"2025-07-13T10:28:44.650Z"}
{"level":"info","message":"GET Request to /api/bookings/slots from ::1","timestamp":"2025-07-13T10:28:44.655Z"}
{"level":"info","message":"Starting production services initialization...","timestamp":"2025-07-13T10:35:52.899Z"}
{"level":"info","message":"Starting scheduled cleanup...","timestamp":"2025-07-13T10:35:52.900Z"}
{"level":"info","message":"Cleanup service started with 60 minute interval","timestamp":"2025-07-13T10:35:52.902Z"}
{"level":"info","message":"Cleanup service initialized","timestamp":"2025-07-13T10:35:52.902Z"}
{"level":"info","message":"All production services initialized successfully","timestamp":"2025-07-13T10:35:52.906Z"}
{"level":"info","message":"Production services initialized successfully","timestamp":"2025-07-13T10:35:52.906Z"}
{"level":"info","message":"Cleaned up 0 expired sessions","timestamp":"2025-07-13T10:35:57.557Z"}
{"level":"info","message":"Cleanup completed: 0 sessions cleaned, 0 active sessions remaining","timestamp":"2025-07-13T10:35:58.936Z"}
{"level":"info","message":"Starting production services initialization...","timestamp":"2025-07-13T10:37:37.286Z"}
{"level":"info","message":"Starting scheduled cleanup...","timestamp":"2025-07-13T10:37:37.287Z"}
{"level":"info","message":"Cleanup service started with 60 minute interval","timestamp":"2025-07-13T10:37:37.289Z"}
{"level":"info","message":"Cleanup service initialized","timestamp":"2025-07-13T10:37:37.290Z"}
{"level":"info","message":"All production services initialized successfully","timestamp":"2025-07-13T10:37:37.300Z"}
{"level":"info","message":"Production services initialized successfully","timestamp":"2025-07-13T10:37:37.301Z"}
{"level":"info","message":"Cleaned up 0 expired sessions","timestamp":"2025-07-13T10:37:39.559Z"}
{"level":"info","message":"Cleanup completed: 0 sessions cleaned, 0 active sessions remaining","timestamp":"2025-07-13T10:37:40.993Z"}
{"level":"info","message":"OPTIONS /api/bookings/slots","timestamp":"2025-07-13T10:38:17.607Z"}
{"level":"info","message":"GET /api/bookings/slots","timestamp":"2025-07-13T10:38:17.625Z"}
{"level":"info","message":"GET Request to /api/bookings/slots from ::1","timestamp":"2025-07-13T10:38:17.629Z"}
{"level":"info","message":"Starting production services initialization...","timestamp":"2025-07-13T10:39:53.494Z"}
{"level":"info","message":"Starting scheduled cleanup...","timestamp":"2025-07-13T10:39:53.495Z"}
{"level":"info","message":"Cleanup service started with 60 minute interval","timestamp":"2025-07-13T10:39:53.497Z"}
{"level":"info","message":"Cleanup service initialized","timestamp":"2025-07-13T10:39:53.498Z"}
{"level":"info","message":"All production services initialized successfully","timestamp":"2025-07-13T10:39:53.501Z"}
{"level":"info","message":"Production services initialized successfully","timestamp":"2025-07-13T10:39:53.501Z"}
{"level":"info","message":"Cleaned up 0 expired sessions","timestamp":"2025-07-13T10:39:55.829Z"}
{"level":"info","message":"Cleanup completed: 0 sessions cleaned, 0 active sessions remaining","timestamp":"2025-07-13T10:39:58.155Z"}
{"level":"info","message":"Starting production services initialization...","timestamp":"2025-07-13T10:40:48.910Z"}
{"level":"info","message":"Starting scheduled cleanup...","timestamp":"2025-07-13T10:40:48.912Z"}
{"level":"info","message":"Cleanup service started with 60 minute interval","timestamp":"2025-07-13T10:40:48.916Z"}
{"level":"info","message":"Cleanup service initialized","timestamp":"2025-07-13T10:40:48.917Z"}
{"level":"info","message":"All production services initialized successfully","timestamp":"2025-07-13T10:40:48.920Z"}
{"level":"info","message":"Production services initialized successfully","timestamp":"2025-07-13T10:40:48.921Z"}
{"level":"info","message":"Cleaned up 0 expired sessions","timestamp":"2025-07-13T10:40:51.768Z"}
{"level":"info","message":"Cleanup completed: 0 sessions cleaned, 0 active sessions remaining","timestamp":"2025-07-13T10:40:56.932Z"}
{"level":"info","message":"Starting production services initialization...","timestamp":"2025-07-13T10:43:11.872Z"}
{"level":"info","message":"Starting scheduled cleanup...","timestamp":"2025-07-13T10:43:11.873Z"}
{"level":"info","message":"Cleanup service started with 60 minute interval","timestamp":"2025-07-13T10:43:11.875Z"}
{"level":"info","message":"Cleanup service initialized","timestamp":"2025-07-13T10:43:11.876Z"}
{"level":"info","message":"All production services initialized successfully","timestamp":"2025-07-13T10:43:11.878Z"}
{"level":"info","message":"Production services initialized successfully","timestamp":"2025-07-13T10:43:11.879Z"}
{"level":"info","message":"Cleaned up 0 expired sessions","timestamp":"2025-07-13T10:43:14.079Z"}
{"level":"info","message":"Cleanup completed: 0 sessions cleaned, 0 active sessions remaining","timestamp":"2025-07-13T10:43:15.698Z"}
{"level":"info","message":"GET /api/swaga-docs","timestamp":"2025-07-13T10:43:41.729Z"}
{"level":"info","message":"GET /api-docs","timestamp":"2025-07-13T10:44:03.122Z"}
{"level":"info","message":"GET /api-docs/","timestamp":"2025-07-13T10:44:03.130Z"}
{"level":"info","message":"GET /api-docs/swagger-ui.css","timestamp":"2025-07-13T10:44:03.362Z"}
{"level":"info","message":"GET /api-docs/swagger-ui-bundle.js","timestamp":"2025-07-13T10:44:03.383Z"}
{"level":"info","message":"GET /api-docs/swagger-ui-standalone-preset.js","timestamp":"2025-07-13T10:44:03.386Z"}
{"level":"info","message":"GET /api-docs/swagger-ui-init.js","timestamp":"2025-07-13T10:44:03.395Z"}
{"level":"info","message":"GET /api-docs/favicon-32x32.png","timestamp":"2025-07-13T10:44:04.426Z"}
{"level":"info","message":"Starting scheduled cleanup...","timestamp":"2025-07-13T11:43:12.607Z"}
{"level":"info","message":"Cleaned up 0 expired sessions","timestamp":"2025-07-13T11:43:17.155Z"}
{"level":"info","message":"Cleanup completed: 0 sessions cleaned, 0 active sessions remaining","timestamp":"2025-07-13T11:43:19.213Z"}
{"level":"info","message":"Starting scheduled cleanup...","timestamp":"2025-07-13T12:43:11.875Z"}
{"level":"info","message":"Cleaned up 0 expired sessions","timestamp":"2025-07-13T12:43:21.851Z"}
{"level":"info","message":"Cleanup completed: 0 sessions cleaned, 0 active sessions remaining","timestamp":"2025-07-13T12:43:22.567Z"}
