{"level":"info","message":"Starting production services initialization...","timestamp":"2025-07-11T13:17:53.886Z"}
{"level":"info","message":"Starting scheduled cleanup...","timestamp":"2025-07-11T13:17:53.887Z"}
{"level":"info","message":"Cleanup service started with 60 minute interval","timestamp":"2025-07-11T13:17:53.891Z"}
{"level":"info","message":"Cleanup service initialized","timestamp":"2025-07-11T13:17:53.891Z"}
{"level":"info","message":"All production services initialized successfully","timestamp":"2025-07-11T13:17:53.894Z"}
{"level":"info","message":"Production services initialized successfully","timestamp":"2025-07-11T13:17:53.895Z"}
{"level":"error","message":"Error in cleanupExpiredSessions: Operation `chatsessions.updateMany()` buffering timed out after 10000ms","timestamp":"2025-07-11T13:18:03.906Z"}
{"level":"error","message":"Error during cleanup: Operation `chatsessions.updateMany()` buffering timed out after 10000ms","timestamp":"2025-07-11T13:18:03.943Z"}
{"level":"info","message":"Starting scheduled cleanup...","timestamp":"2025-07-11T14:17:54.140Z"}
{"level":"info","message":"Cleaned up 0 expired sessions","timestamp":"2025-07-11T14:18:09.994Z"}
{"level":"info","message":"Cleanup completed: 0 sessions cleaned, 0 active sessions remaining","timestamp":"2025-07-11T14:18:10.677Z"}
{"level":"info","message":"Starting scheduled cleanup...","timestamp":"2025-07-11T15:17:53.895Z"}
{"level":"info","message":"Cleaned up 0 expired sessions","timestamp":"2025-07-11T15:17:54.121Z"}
{"level":"info","message":"Cleanup completed: 0 sessions cleaned, 0 active sessions remaining","timestamp":"2025-07-11T15:17:55.065Z"}
{"level":"info","message":"Shutting down production services...","timestamp":"2025-07-11T15:54:35.215Z"}
{"level":"info","message":"Cleanup service stopped","timestamp":"2025-07-11T15:54:35.216Z"}
{"level":"info","message":"Cleanup service stopped","timestamp":"2025-07-11T15:54:35.216Z"}
{"level":"info","message":"All production services shut down successfully","timestamp":"2025-07-11T15:54:35.216Z"}
{"level":"info","message":"Shutting down production services...","timestamp":"2025-07-11T15:54:35.273Z"}
{"level":"info","message":"Cleanup service stopped","timestamp":"2025-07-11T15:54:35.273Z"}
{"level":"info","message":"Cleanup service stopped","timestamp":"2025-07-11T15:54:35.275Z"}
{"level":"info","message":"All production services shut down successfully","timestamp":"2025-07-11T15:54:35.276Z"}
{"level":"info","message":"Shutting down production services...","timestamp":"2025-07-11T15:54:35.304Z"}
{"level":"info","message":"Cleanup service stopped","timestamp":"2025-07-11T15:54:35.304Z"}
{"level":"info","message":"Cleanup service stopped","timestamp":"2025-07-11T15:54:35.305Z"}
{"level":"info","message":"All production services shut down successfully","timestamp":"2025-07-11T15:54:35.305Z"}
{"level":"info","message":"Shutting down production services...","timestamp":"2025-07-11T15:56:47.710Z"}
