{"level":"info","message":"GET /api-docs/","timestamp":"2025-03-19T19:55:20.839Z"}
{"level":"info","message":"GET /api-docs/swagger-ui-standalone-preset.js","timestamp":"2025-03-19T19:55:21.009Z"}
{"level":"info","message":"GET /api-docs/swagger-ui.css","timestamp":"2025-03-19T19:55:21.014Z"}
{"level":"info","message":"GET /api-docs/swagger-ui-bundle.js","timestamp":"2025-03-19T19:55:21.017Z"}
{"level":"info","message":"GET /api-docs/swagger-ui-init.js","timestamp":"2025-03-19T19:55:21.024Z"}
{"level":"info","message":"GET /api-docs/favicon-32x32.png","timestamp":"2025-03-19T19:55:21.649Z"}
{"level":"info","message":"GET /api-docs/","timestamp":"2025-03-19T19:59:49.370Z"}
{"level":"info","message":"GET /api-docs/swagger-ui.css","timestamp":"2025-03-19T19:59:49.447Z"}
{"level":"info","message":"GET /api-docs/swagger-ui-bundle.js","timestamp":"2025-03-19T19:59:49.455Z"}
{"level":"info","message":"GET /api-docs/swagger-ui-init.js","timestamp":"2025-03-19T19:59:49.459Z"}
{"level":"info","message":"GET /api-docs/swagger-ui-standalone-preset.js","timestamp":"2025-03-19T19:59:49.466Z"}
{"level":"info","message":"GET /api-docs/favicon-32x32.png","timestamp":"2025-03-19T19:59:49.995Z"}
{"level":"info","message":"GET /api-docs/favicon-32x32.png","timestamp":"2025-03-19T19:59:50.918Z"}
{"level":"info","message":"GET /api-docs/","timestamp":"2025-03-19T20:06:42.559Z"}
{"level":"info","message":"GET /api-docs/swagger-ui.css","timestamp":"2025-03-19T20:06:42.638Z"}
{"level":"info","message":"GET /api-docs/swagger-ui-bundle.js","timestamp":"2025-03-19T20:06:42.646Z"}
{"level":"info","message":"GET /api-docs/swagger-ui-standalone-preset.js","timestamp":"2025-03-19T20:06:42.650Z"}
{"level":"info","message":"GET /api-docs/swagger-ui-init.js","timestamp":"2025-03-19T20:06:42.655Z"}
{"level":"info","message":"GET /api-docs/favicon-32x32.png","timestamp":"2025-03-19T20:06:43.204Z"}
{"level":"info","message":"GET /api-docs/favicon-32x32.png","timestamp":"2025-03-19T20:06:44.135Z"}
